2025-01-13T00:10:07+00:00 routeur systemd[1]: Listening on syslog.socket - Syslog Socket.
2025-01-13T00:10:07+00:00 routeur systemd[1]: Starting rsyslog.service - System Logging Service...
2025-01-13T00:10:07+00:00 routeur systemd[1]: Started rsyslog.service - System Logging Service.
2025-01-13T00:10:07+00:00 routeur rsyslogd: imuxsock: Acquired UNIX socket '/run/systemd/journal/syslog' (fd 3) from systemd.  [v8.2302.0]
2025-01-13T00:10:07+00:00 routeur rsyslogd: [origin software="rsyslogd" swVersion="8.2302.0" x-pid="744" x-info="https://www.rsyslog.com"] start
2025-01-13T00:10:08+00:00 routeur sudo: pam_unix(sudo:session): session closed for user root
2025-01-13T00:10:08+00:00 routeur sshd[58]: syslogin_perform_logout: logout() returned an error
2025-01-13T00:11:07+00:00 routeur sshd[64]: Received disconnect from 10.1.255.254 port 54162:11: disconnected by user
2025-01-13T00:11:07+00:00 routeur sshd[64]: Disconnected from user ansible 10.1.255.254 port 54162
2025-01-13T00:11:07+00:00 routeur sshd[58]: pam_unix(sshd:session): session closed for user ansible
2025-01-13T00:22:49+00:00 routeur systemd[1]: Starting systemd-tmpfiles-clean.service - Cleanup of Temporary Directories...
2025-01-13T00:22:49+00:00 routeur systemd[1]: systemd-tmpfiles-clean.service: Deactivated successfully.
2025-01-13T00:22:49+00:00 routeur systemd[1]: Finished systemd-tmpfiles-clean.service - Cleanup of Temporary Directories.
2025-01-13T00:55:08+00:00 routeur systemd[1]: Received SIGTERM.
2025-01-13T00:55:09+00:00 routeur systemd[1]: Reexecuting.
2025-01-13T00:59:01+00:00 routeur systemd[1]: Listening on syslog.socket - Syslog Socket.
2025-01-13T00:59:01+00:00 routeur systemd[1]: Starting rsyslog.service - System Logging Service...
2025-01-13T00:59:01+00:00 routeur systemd[1]: Started rsyslog.service - System Logging Service.
2025-01-13T00:59:01+00:00 routeur rsyslogd: imuxsock: Acquired UNIX socket '/run/systemd/journal/syslog' (fd 3) from systemd.  [v8.2302.0]
2025-01-13T00:59:01+00:00 routeur rsyslogd: [origin software="rsyslogd" swVersion="8.2302.0" x-pid="887" x-info="https://www.rsyslog.com"] start
2025-01-13T00:59:01+00:00 routeur sudo: pam_unix(sudo:session): session closed for user root
2025-01-13T00:59:01+00:00 routeur sshd[58]: syslogin_perform_logout: logout() returned an error
2025-01-13T01:00:00+00:00 routeur sshd[64]: Received disconnect from 10.1.255.254 port 59854:11: disconnected by user
2025-01-13T01:00:00+00:00 routeur sshd[64]: Disconnected from user ansible 10.1.255.254 port 59854
2025-01-13T01:00:00+00:00 routeur sshd[58]: pam_unix(sshd:session): session closed for user ansible
2025-01-13T01:05:15+00:00 routeur systemd[1]: Received SIGTERM.
2025-01-13T01:05:15+00:00 routeur systemd[1]: Reexecuting.
2025-01-13T01:20:35+00:00 routeur systemd[1]: Listening on syslog.socket - Syslog Socket.
2025-01-13T01:20:35+00:00 routeur systemd[1]: Starting rsyslog.service - System Logging Service...
2025-01-13T01:20:35+00:00 routeur systemd[1]: Started rsyslog.service - System Logging Service.
2025-01-13T01:20:35+00:00 routeur rsyslogd: imuxsock: Acquired UNIX socket '/run/systemd/journal/syslog' (fd 3) from systemd.  [v8.2302.0]
2025-01-13T01:20:35+00:00 routeur rsyslogd: [origin software="rsyslogd" swVersion="8.2302.0" x-pid="887" x-info="https://www.rsyslog.com"] start
2025-01-13T01:20:35+00:00 routeur sudo: pam_unix(sudo:session): session closed for user root
2025-01-13T01:20:35+00:00 routeur sshd[58]: syslogin_perform_logout: logout() returned an error
2025-01-13T01:21:34+00:00 routeur sshd[64]: Received disconnect from 10.1.255.254 port 35450:11: disconnected by user
2025-01-13T01:21:34+00:00 routeur sshd[64]: Disconnected from user ansible 10.1.255.254 port 35450
2025-01-13T01:21:34+00:00 routeur sshd[58]: pam_unix(sshd:session): session closed for user ansible
2025-01-13T01:24:08+00:00 routeur systemd[1]: Received SIGTERM.
2025-01-13T01:24:08+00:00 routeur systemd[1]: Reexecuting.
