2025-01-13T00:10:09+00:00 virtualdmz1 systemd[1]: Listening on syslog.socket - Syslog Socket.
2025-01-13T00:10:09+00:00 virtualdmz1 systemd[1]: Starting rsyslog.service - System Logging Service...
2025-01-13T00:10:09+00:00 virtualdmz1 rsyslogd: imuxsock: Acquired UNIX socket '/run/systemd/journal/syslog' (fd 3) from systemd.  [v8.2302.0]
2025-01-13T00:10:09+00:00 virtualdmz1 rsyslogd: [origin software="rsyslogd" swVersion="8.2302.0" x-pid="694" x-info="https://www.rsyslog.com"] start
2025-01-13T00:10:09+00:00 virtualdmz1 systemd[1]: Started rsyslog.service - System Logging Service.
2025-01-13T00:10:09+00:00 virtualdmz1 sudo: pam_unix(sudo:session): session closed for user root
2025-01-13T00:10:09+00:00 virtualdmz1 sshd[61]: syslogin_perform_logout: logout() returned an error
2025-01-13T00:11:09+00:00 virtualdmz1 sshd[67]: Received disconnect from 10.1.255.254 port 57908:11: disconnected by user
2025-01-13T00:11:09+00:00 virtualdmz1 sshd[67]: Disconnected from user ansible 10.1.255.254 port 57908
2025-01-13T00:11:09+00:00 virtualdmz1 sshd[61]: pam_unix(sshd:session): session closed for user ansible
2025-01-13T00:14:57+00:00 virtualdmz1 sshd[704]: Accepted publickey for ansible from 10.1.255.254 port 41352 ssh2: ED25519 SHA256:B9AHjPOvIiD4Ai2bcT+iTilcJ1XaDwFHfxRK0USvqWo
2025-01-13T00:14:57+00:00 virtualdmz1 sshd[704]: pam_unix(sshd:session): session opened for user ansible(uid=1000) by (uid=0)
2025-01-13T00:14:57+00:00 virtualdmz1 systemd[1]: Created slice user-1000.slice - User Slice of UID 1000.
2025-01-13T00:14:57+00:00 virtualdmz1 systemd[1]: Starting user-runtime-dir@1000.service - User Runtime Directory /run/user/1000...
2025-01-13T00:14:57+00:00 virtualdmz1 systemd-logind[421]: New session 13 of user ansible.
2025-01-13T00:14:57+00:00 virtualdmz1 systemd[1]: Finished user-runtime-dir@1000.service - User Runtime Directory /run/user/1000.
2025-01-13T00:14:57+00:00 virtualdmz1 systemd[1]: Starting user@1000.service - User Manager for UID 1000...
2025-01-13T00:14:57+00:00 virtualdmz1 (systemd): pam_unix(systemd-user:session): session opened for user ansible(uid=1000) by (uid=0)
2025-01-13T00:14:58+00:00 virtualdmz1 systemd[707]: Queued start job for default target default.target.
2025-01-13T00:14:58+00:00 virtualdmz1 systemd[707]: Created slice app.slice - User Application Slice.
2025-01-13T00:14:58+00:00 virtualdmz1 systemd[707]: Reached target paths.target - Paths.
2025-01-13T00:14:58+00:00 virtualdmz1 systemd[707]: Reached target timers.target - Timers.
2025-01-13T00:14:58+00:00 virtualdmz1 systemd[707]: Starting dbus.socket - D-Bus User Message Bus Socket...
2025-01-13T00:14:58+00:00 virtualdmz1 systemd[707]: Listening on dbus.socket - D-Bus User Message Bus Socket.
2025-01-13T00:14:58+00:00 virtualdmz1 systemd[707]: Reached target sockets.target - Sockets.
2025-01-13T00:14:58+00:00 virtualdmz1 systemd[707]: Reached target basic.target - Basic System.
2025-01-13T00:14:58+00:00 virtualdmz1 systemd[1]: Started user@1000.service - User Manager for UID 1000.
2025-01-13T00:14:58+00:00 virtualdmz1 systemd[707]: Reached target default.target - Main User Target.
2025-01-13T00:14:58+00:00 virtualdmz1 systemd[707]: Startup finished in 104ms.
2025-01-13T00:14:58+00:00 virtualdmz1 systemd[1]: Started session-13.scope - Session 13 of User ansible.
2025-01-13T00:14:58+00:00 virtualdmz1 sshd[704]: pam_env(sshd:session): deprecated reading of user environment enabled
2025-01-13T00:14:58+00:00 virtualdmz1 sshd[704]: pam_env(sshd:session): Unable to open env file: /etc/default/locale: No such file or directory
2025-01-13T00:14:59+00:00 virtualdmz1 sudo:  ansible : TTY=pts/0 ; PWD=/home/ansible ; USER=root ; COMMAND=/bin/sh -c 'echo BECOME-SUCCESS-gatcyodbbodxdnrhynrvlppgmhydzunp ; /usr/bin/python3.11 /home/ansible/.ansible/tmp/ansible-tmp-1736727298.2189531-1327-164545514331245/AnsiballZ_setup.py'
2025-01-13T00:14:59+00:00 virtualdmz1 sudo: pam_unix(sudo:session): session opened for user root(uid=0) by (uid=1000)
2025-01-13T00:14:59+00:00 virtualdmz1 ansible-ansible.legacy.setup: Invoked with gather_subset=['all'] gather_timeout=10 filter=[] fact_path=/etc/ansible/facts.d
2025-01-13T00:15:00+00:00 virtualdmz1 sudo: pam_unix(sudo:session): session closed for user root
2025-01-13T00:15:00+00:00 virtualdmz1 sshd[704]: syslogin_perform_logout: logout() returned an error
2025-01-13T00:15:00+00:00 virtualdmz1 sudo:  ansible : TTY=pts/0 ; PWD=/home/ansible ; USER=root ; COMMAND=/bin/sh -c 'echo BECOME-SUCCESS-zamyzrrcvattredkutvfhbifcyeozkba ; /usr/bin/python3.11 /home/ansible/.ansible/tmp/ansible-tmp-1736727300.3699162-1342-70049267699844/AnsiballZ_apt.py'
2025-01-13T00:15:00+00:00 virtualdmz1 sudo: pam_unix(sudo:session): session opened for user root(uid=0) by (uid=1000)
2025-01-13T00:15:01+00:00 virtualdmz1 ansible-apt: Invoked with name=['apache2', 'php', 'php-mysqli', 'php-gd', 'libapache2-mod-php', 'curl', 'git'] state=present update_cache=True package=['apache2', 'php', 'php-mysqli', 'php-gd', 'libapache2-mod-php', 'curl', 'git'] update_cache_retries=5 update_cache_retry_max_delay=12 cache_valid_time=0 purge=False force=False upgrade=no dpkg_options=force-confdef,force-confold autoremove=False autoclean=False fail_on_autoremove=False only_upgrade=False force_apt_get=False clean=False allow_unauthenticated=False allow_downgrade=False allow_change_held_packages=False lock_timeout=60 deb=None default_release=None install_recommends=None policy_rc_d=None
2025-01-13T00:15:26+00:00 virtualdmz1 systemd[1]: Reloading.
2025-01-13T00:15:27+00:00 virtualdmz1 systemd[1]: Reloading.
2025-01-13T00:15:28+00:00 virtualdmz1 php8.2-common: php_invoke calendar: already enabled for PHP 8.2 cli sapi
2025-01-13T00:15:28+00:00 virtualdmz1 php8.2-common: php_invoke calendar: already enabled for PHP 8.2 apache2 sapi
2025-01-13T00:15:29+00:00 virtualdmz1 php8.2-common: php_invoke ctype: already enabled for PHP 8.2 cli sapi
2025-01-13T00:15:29+00:00 virtualdmz1 php8.2-common: php_invoke ctype: already enabled for PHP 8.2 apache2 sapi
2025-01-13T00:15:30+00:00 virtualdmz1 php8.2-common: php_invoke exif: already enabled for PHP 8.2 cli sapi
2025-01-13T00:15:30+00:00 virtualdmz1 php8.2-common: php_invoke exif: already enabled for PHP 8.2 apache2 sapi
2025-01-13T00:15:31+00:00 virtualdmz1 php8.2-common: php_invoke fileinfo: already enabled for PHP 8.2 cli sapi
2025-01-13T00:15:31+00:00 virtualdmz1 php8.2-common: php_invoke fileinfo: already enabled for PHP 8.2 apache2 sapi
2025-01-13T00:15:32+00:00 virtualdmz1 php8.2-common: php_invoke ffi: already enabled for PHP 8.2 cli sapi
2025-01-13T00:15:32+00:00 virtualdmz1 php8.2-common: php_invoke ffi: already enabled for PHP 8.2 apache2 sapi
2025-01-13T00:15:33+00:00 virtualdmz1 php8.2-common: php_invoke ftp: already enabled for PHP 8.2 cli sapi
2025-01-13T00:15:33+00:00 virtualdmz1 php8.2-common: php_invoke ftp: already enabled for PHP 8.2 apache2 sapi
2025-01-13T00:15:33+00:00 virtualdmz1 php8.2-common: php_invoke gettext: already enabled for PHP 8.2 cli sapi
2025-01-13T00:15:34+00:00 virtualdmz1 php8.2-common: php_invoke gettext: already enabled for PHP 8.2 apache2 sapi
2025-01-13T00:15:34+00:00 virtualdmz1 php8.2-common: php_invoke iconv: already enabled for PHP 8.2 cli sapi
2025-01-13T00:15:34+00:00 virtualdmz1 php8.2-common: php_invoke iconv: already enabled for PHP 8.2 apache2 sapi
2025-01-13T00:15:35+00:00 virtualdmz1 php8.2-common: php_invoke pdo: already enabled for PHP 8.2 cli sapi
2025-01-13T00:15:35+00:00 virtualdmz1 php8.2-common: php_invoke pdo: already enabled for PHP 8.2 apache2 sapi
2025-01-13T00:15:36+00:00 virtualdmz1 php8.2-common: php_invoke phar: already enabled for PHP 8.2 cli sapi
2025-01-13T00:15:36+00:00 virtualdmz1 php8.2-common: php_invoke phar: already enabled for PHP 8.2 apache2 sapi
2025-01-13T00:15:37+00:00 virtualdmz1 php8.2-common: php_invoke posix: already enabled for PHP 8.2 cli sapi
2025-01-13T00:15:37+00:00 virtualdmz1 php8.2-common: php_invoke posix: already enabled for PHP 8.2 apache2 sapi
2025-01-13T00:15:38+00:00 virtualdmz1 php8.2-common: php_invoke shmop: already enabled for PHP 8.2 cli sapi
2025-01-13T00:15:38+00:00 virtualdmz1 php8.2-common: php_invoke shmop: already enabled for PHP 8.2 apache2 sapi
2025-01-13T00:15:39+00:00 virtualdmz1 php8.2-common: php_invoke sockets: already enabled for PHP 8.2 cli sapi
2025-01-13T00:15:39+00:00 virtualdmz1 php8.2-common: php_invoke sockets: already enabled for PHP 8.2 apache2 sapi
2025-01-13T00:15:40+00:00 virtualdmz1 php8.2-common: php_invoke sysvmsg: already enabled for PHP 8.2 cli sapi
2025-01-13T00:15:40+00:00 virtualdmz1 php8.2-common: php_invoke sysvmsg: already enabled for PHP 8.2 apache2 sapi
2025-01-13T00:15:41+00:00 virtualdmz1 php8.2-common: php_invoke sysvsem: already enabled for PHP 8.2 cli sapi
2025-01-13T00:15:41+00:00 virtualdmz1 php8.2-common: php_invoke sysvsem: already enabled for PHP 8.2 apache2 sapi
2025-01-13T00:15:42+00:00 virtualdmz1 php8.2-common: php_invoke sysvshm: already enabled for PHP 8.2 cli sapi
2025-01-13T00:15:42+00:00 virtualdmz1 php8.2-common: php_invoke sysvshm: already enabled for PHP 8.2 apache2 sapi
2025-01-13T00:15:43+00:00 virtualdmz1 php8.2-common: php_invoke tokenizer: already enabled for PHP 8.2 cli sapi
2025-01-13T00:15:43+00:00 virtualdmz1 php8.2-common: php_invoke tokenizer: already enabled for PHP 8.2 apache2 sapi
2025-01-13T00:15:44+00:00 virtualdmz1 php8.2-mysql: php_invoke mysqlnd: already enabled for PHP 8.2 cli sapi
2025-01-13T00:15:44+00:00 virtualdmz1 php8.2-mysql: php_invoke mysqlnd: already enabled for PHP 8.2 apache2 sapi
2025-01-13T00:15:45+00:00 virtualdmz1 php8.2-mysql: php_invoke mysqli: already enabled for PHP 8.2 cli sapi
2025-01-13T00:15:45+00:00 virtualdmz1 php8.2-mysql: php_invoke mysqli: already enabled for PHP 8.2 apache2 sapi
2025-01-13T00:15:46+00:00 virtualdmz1 php8.2-mysql: php_invoke pdo_mysql: already enabled for PHP 8.2 cli sapi
2025-01-13T00:15:46+00:00 virtualdmz1 php8.2-mysql: php_invoke pdo_mysql: already enabled for PHP 8.2 apache2 sapi
2025-01-13T00:15:47+00:00 virtualdmz1 php8.2-opcache: php_invoke opcache: already enabled for PHP 8.2 cli sapi
2025-01-13T00:15:47+00:00 virtualdmz1 php8.2-opcache: php_invoke opcache: already enabled for PHP 8.2 apache2 sapi
2025-01-13T00:15:48+00:00 virtualdmz1 php8.2-readline: php_invoke readline: already enabled for PHP 8.2 cli sapi
2025-01-13T00:15:48+00:00 virtualdmz1 php8.2-readline: php_invoke readline: already enabled for PHP 8.2 apache2 sapi
2025-01-13T00:15:48+00:00 virtualdmz1 groupadd[6934]: group added to /etc/group: name=ssl-cert, GID=103
2025-01-13T00:15:48+00:00 virtualdmz1 groupadd[6934]: group added to /etc/gshadow: name=ssl-cert
2025-01-13T00:15:48+00:00 virtualdmz1 groupadd[6934]: new group: name=ssl-cert, GID=103
2025-01-13T00:15:50+00:00 virtualdmz1 php8.2-cli: php_invoke pdo: already enabled for PHP 8.2 cli sapi
2025-01-13T00:15:50+00:00 virtualdmz1 php8.2-cli: php_invoke iconv: already enabled for PHP 8.2 cli sapi
2025-01-13T00:15:50+00:00 virtualdmz1 php8.2-cli: php_invoke readline: already enabled for PHP 8.2 cli sapi
2025-01-13T00:15:51+00:00 virtualdmz1 php8.2-cli: php_invoke ffi: already enabled for PHP 8.2 cli sapi
2025-01-13T00:15:51+00:00 virtualdmz1 php8.2-cli: php_invoke opcache: already enabled for PHP 8.2 cli sapi
2025-01-13T00:15:51+00:00 virtualdmz1 php8.2-cli: php_invoke fileinfo: already enabled for PHP 8.2 cli sapi
2025-01-13T00:15:51+00:00 virtualdmz1 php8.2-cli: php_invoke pdo_mysql: already enabled for PHP 8.2 cli sapi
2025-01-13T00:15:51+00:00 virtualdmz1 php8.2-cli: php_invoke ftp: already enabled for PHP 8.2 cli sapi
2025-01-13T00:15:51+00:00 virtualdmz1 php8.2-cli: php_invoke sockets: already enabled for PHP 8.2 cli sapi
2025-01-13T00:15:51+00:00 virtualdmz1 php8.2-cli: php_invoke exif: already enabled for PHP 8.2 cli sapi
2025-01-13T00:15:51+00:00 virtualdmz1 php8.2-cli: php_invoke shmop: already enabled for PHP 8.2 cli sapi
2025-01-13T00:15:51+00:00 virtualdmz1 php8.2-cli: php_invoke phar: already enabled for PHP 8.2 cli sapi
2025-01-13T00:15:51+00:00 virtualdmz1 php8.2-cli: php_invoke sysvshm: already enabled for PHP 8.2 cli sapi
2025-01-13T00:15:51+00:00 virtualdmz1 php8.2-cli: php_invoke sysvsem: already enabled for PHP 8.2 cli sapi
2025-01-13T00:15:51+00:00 virtualdmz1 php8.2-cli: php_invoke ctype: already enabled for PHP 8.2 cli sapi
2025-01-13T00:15:52+00:00 virtualdmz1 php8.2-cli: php_invoke posix: already enabled for PHP 8.2 cli sapi
2025-01-13T00:15:52+00:00 virtualdmz1 php8.2-cli: php_invoke sysvmsg: already enabled for PHP 8.2 cli sapi
2025-01-13T00:15:52+00:00 virtualdmz1 php8.2-cli: php_invoke calendar: already enabled for PHP 8.2 cli sapi
2025-01-13T00:15:52+00:00 virtualdmz1 php8.2-cli: php_invoke gettext: already enabled for PHP 8.2 cli sapi
2025-01-13T00:15:52+00:00 virtualdmz1 php8.2-cli: php_invoke mysqlnd: already enabled for PHP 8.2 cli sapi
2025-01-13T00:15:52+00:00 virtualdmz1 php8.2-cli: php_invoke mysqli: already enabled for PHP 8.2 cli sapi
2025-01-13T00:15:52+00:00 virtualdmz1 php8.2-cli: php_invoke tokenizer: already enabled for PHP 8.2 cli sapi
2025-01-13T00:15:53+00:00 virtualdmz1 php8.2-gd: php_invoke gd: already enabled for PHP 8.2 cli sapi
2025-01-13T00:15:53+00:00 virtualdmz1 php8.2-gd: php_invoke gd: already enabled for PHP 8.2 apache2 sapi
2025-01-13T00:15:54+00:00 virtualdmz1 libapache2-mod-php8.2: php_invoke pdo: already enabled for PHP 8.2 apache2 sapi
2025-01-13T00:15:54+00:00 virtualdmz1 libapache2-mod-php8.2: php_invoke iconv: already enabled for PHP 8.2 apache2 sapi
2025-01-13T00:15:54+00:00 virtualdmz1 libapache2-mod-php8.2: php_invoke readline: already enabled for PHP 8.2 apache2 sapi
2025-01-13T00:15:54+00:00 virtualdmz1 libapache2-mod-php8.2: php_invoke ffi: already enabled for PHP 8.2 apache2 sapi
2025-01-13T00:15:54+00:00 virtualdmz1 libapache2-mod-php8.2: php_invoke opcache: already enabled for PHP 8.2 apache2 sapi
2025-01-13T00:15:54+00:00 virtualdmz1 libapache2-mod-php8.2: php_invoke fileinfo: already enabled for PHP 8.2 apache2 sapi
2025-01-13T00:15:55+00:00 virtualdmz1 libapache2-mod-php8.2: php_invoke pdo_mysql: already enabled for PHP 8.2 apache2 sapi
2025-01-13T00:15:55+00:00 virtualdmz1 libapache2-mod-php8.2: php_invoke gd: already enabled for PHP 8.2 apache2 sapi
2025-01-13T00:15:55+00:00 virtualdmz1 libapache2-mod-php8.2: php_invoke ftp: already enabled for PHP 8.2 apache2 sapi
2025-01-13T00:15:55+00:00 virtualdmz1 libapache2-mod-php8.2: php_invoke sockets: already enabled for PHP 8.2 apache2 sapi
2025-01-13T00:15:55+00:00 virtualdmz1 libapache2-mod-php8.2: php_invoke exif: already enabled for PHP 8.2 apache2 sapi
2025-01-13T00:15:55+00:00 virtualdmz1 libapache2-mod-php8.2: php_invoke shmop: already enabled for PHP 8.2 apache2 sapi
2025-01-13T00:15:55+00:00 virtualdmz1 libapache2-mod-php8.2: php_invoke phar: already enabled for PHP 8.2 apache2 sapi
2025-01-13T00:15:55+00:00 virtualdmz1 libapache2-mod-php8.2: php_invoke sysvshm: already enabled for PHP 8.2 apache2 sapi
2025-01-13T00:15:55+00:00 virtualdmz1 libapache2-mod-php8.2: php_invoke sysvsem: already enabled for PHP 8.2 apache2 sapi
2025-01-13T00:15:55+00:00 virtualdmz1 libapache2-mod-php8.2: php_invoke ctype: already enabled for PHP 8.2 apache2 sapi
2025-01-13T00:15:55+00:00 virtualdmz1 libapache2-mod-php8.2: php_invoke posix: already enabled for PHP 8.2 apache2 sapi
2025-01-13T00:15:56+00:00 virtualdmz1 libapache2-mod-php8.2: php_invoke sysvmsg: already enabled for PHP 8.2 apache2 sapi
2025-01-13T00:15:56+00:00 virtualdmz1 libapache2-mod-php8.2: php_invoke calendar: already enabled for PHP 8.2 apache2 sapi
2025-01-13T00:15:56+00:00 virtualdmz1 libapache2-mod-php8.2: php_invoke gettext: already enabled for PHP 8.2 apache2 sapi
2025-01-13T00:15:56+00:00 virtualdmz1 libapache2-mod-php8.2: php_invoke mysqlnd: already enabled for PHP 8.2 apache2 sapi
2025-01-13T00:15:56+00:00 virtualdmz1 libapache2-mod-php8.2: php_invoke mysqli: already enabled for PHP 8.2 apache2 sapi
2025-01-13T00:15:56+00:00 virtualdmz1 libapache2-mod-php8.2: php_invoke tokenizer: already enabled for PHP 8.2 apache2 sapi
2025-01-13T00:15:59+00:00 virtualdmz1 apache2.postinst: Switch to mpm prefork for package libapache2-mod-php8.2
2025-01-13T00:15:59+00:00 virtualdmz1 apache2.postinst: Executing deferred 'a2enmod php8.2' for package libapache2-mod-php8.2
2025-01-13T00:16:00+00:00 virtualdmz1 systemd[1]: Reloading.
2025-01-13T00:16:00+00:00 virtualdmz1 systemd[1]: Reloading.
2025-01-13T00:16:01+00:00 virtualdmz1 systemd[1]: Reloading.
2025-01-13T00:16:02+00:00 virtualdmz1 systemd[1]: Reloading.
2025-01-13T00:16:02+00:00 virtualdmz1 systemd[1]: Reloading.
2025-01-13T00:16:03+00:00 virtualdmz1 systemd[1]: Reloading.
2025-01-13T00:16:05+00:00 virtualdmz1 sudo: pam_unix(sudo:session): session closed for user root
2025-01-13T00:16:05+00:00 virtualdmz1 sshd[704]: syslogin_perform_logout: logout() returned an error
2025-01-13T00:16:06+00:00 virtualdmz1 sudo:  ansible : TTY=pts/0 ; PWD=/home/ansible ; USER=root ; COMMAND=/bin/sh -c 'echo BECOME-SUCCESS-wnbajnqinfjwmpnksihqjvzgctopfzyv ; /usr/bin/python3.11 /home/ansible/.ansible/tmp/ansible-tmp-1736727365.3721817-1428-257897846403080/AnsiballZ_systemd.py'
2025-01-13T00:16:06+00:00 virtualdmz1 sudo: pam_unix(sudo:session): session opened for user root(uid=0) by (uid=1000)
2025-01-13T00:16:06+00:00 virtualdmz1 ansible-ansible.legacy.systemd: Invoked with name=apache2 state=started enabled=True daemon_reload=False daemon_reexec=False scope=system no_block=False force=None masked=None
2025-01-13T00:16:06+00:00 virtualdmz1 systemd[1]: Starting apache2.service - The Apache HTTP Server...
2025-01-13T00:16:06+00:00 virtualdmz1 apachectl[9431]: AH00558: apache2: Could not reliably determine the server's fully qualified domain name, using 10.0.3.10. Set the 'ServerName' directive globally to suppress this message
2025-01-13T00:16:06+00:00 virtualdmz1 systemd[1]: Started apache2.service - The Apache HTTP Server.
2025-01-13T00:16:07+00:00 virtualdmz1 sudo: pam_unix(sudo:session): session closed for user root
2025-01-13T00:16:07+00:00 virtualdmz1 sshd[704]: syslogin_perform_logout: logout() returned an error
2025-01-13T00:16:07+00:00 virtualdmz1 sudo:  ansible : TTY=pts/0 ; PWD=/home/ansible ; USER=root ; COMMAND=/bin/sh -c 'echo BECOME-SUCCESS-fipuangkmyjxbvwglrrlstspenyvzoky ; /usr/bin/python3.11 /home/ansible/.ansible/tmp/ansible-tmp-1736727367.1605563-1436-11729309417441/AnsiballZ_git.py'
2025-01-13T00:16:07+00:00 virtualdmz1 sudo: pam_unix(sudo:session): session opened for user root(uid=0) by (uid=1000)
2025-01-13T00:16:07+00:00 virtualdmz1 ansible-git: Invoked with repo=https://github.com/digininja/DVWA.git dest=/var/www/html/DVWA version=HEAD remote=origin force=False clone=True update=True verify_commit=False gpg_allowlist=[] accept_hostkey=False accept_newhostkey=False bare=False recursive=True single_branch=False track_submodules=False refspec=None reference=None depth=None key_file=None ssh_opts=None executable=None umask=None archive=None archive_prefix=None separate_git_dir=None
2025-01-13T00:16:19+00:00 virtualdmz1 sudo: pam_unix(sudo:session): session closed for user root
2025-01-13T00:16:19+00:00 virtualdmz1 sshd[704]: syslogin_perform_logout: logout() returned an error
2025-01-13T00:16:19+00:00 virtualdmz1 sudo:  ansible : TTY=pts/0 ; PWD=/home/ansible ; USER=root ; COMMAND=/bin/sh -c 'echo BECOME-SUCCESS-zdilqvfyfoxoequpiykxlccfvqfxkdgn ; /usr/bin/python3.11 /home/ansible/.ansible/tmp/ansible-tmp-1736727379.2461236-1461-3409281776806/AnsiballZ_file.py'
2025-01-13T00:16:19+00:00 virtualdmz1 sudo: pam_unix(sudo:session): session opened for user root(uid=0) by (uid=1000)
2025-01-13T00:16:20+00:00 virtualdmz1 ansible-file: Invoked with path=/var/www/html/DVWA owner=www-data group=www-data recurse=True force=False follow=True modification_time_format=%Y%m%d%H%M.%S access_time_format=%Y%m%d%H%M.%S unsafe_writes=False state=None _original_basename=None _diff_peek=None src=None modification_time=None access_time=None mode=None seuser=None serole=None selevel=None setype=None attributes=None
2025-01-13T00:16:20+00:00 virtualdmz1 sudo: pam_unix(sudo:session): session closed for user root
2025-01-13T00:16:20+00:00 virtualdmz1 sshd[704]: syslogin_perform_logout: logout() returned an error
2025-01-13T00:16:20+00:00 virtualdmz1 sudo:  ansible : TTY=pts/0 ; PWD=/home/ansible ; USER=root ; COMMAND=/bin/sh -c 'echo BECOME-SUCCESS-yjxuahywhfluwnaloacbipulgcqqimyp ; /usr/bin/python3.11 /home/ansible/.ansible/tmp/ansible-tmp-1736727380.3008885-1469-34895624433484/AnsiballZ_copy.py'
2025-01-13T00:16:20+00:00 virtualdmz1 sudo: pam_unix(sudo:session): session opened for user root(uid=0) by (uid=1000)
2025-01-13T00:16:21+00:00 virtualdmz1 ansible-ansible.legacy.copy: Invoked with src=/var/www/html/DVWA/config/config.inc.php.dist dest=/var/www/html/DVWA/config/config.inc.php remote_src=True backup=False force=True follow=False unsafe_writes=False _original_basename=None content=NOT_LOGGING_PARAMETER validate=None directory_mode=None local_follow=None checksum=None mode=None owner=None group=None seuser=None serole=None selevel=None setype=None attributes=None
2025-01-13T00:16:21+00:00 virtualdmz1 sudo: pam_unix(sudo:session): session closed for user root
2025-01-13T00:16:21+00:00 virtualdmz1 sshd[704]: syslogin_perform_logout: logout() returned an error
2025-01-13T00:16:21+00:00 virtualdmz1 sudo:  ansible : TTY=pts/0 ; PWD=/home/ansible ; USER=root ; COMMAND=/bin/sh -c 'echo BECOME-SUCCESS-tmfvziedvuabxjiyofejotcwvhrxkehw ; /usr/bin/python3.11 /home/ansible/.ansible/tmp/ansible-tmp-1736727381.318032-1478-175634691692428/AnsiballZ_setup.py'
2025-01-13T00:16:21+00:00 virtualdmz1 sudo: pam_unix(sudo:session): session opened for user root(uid=0) by (uid=1000)
2025-01-13T00:16:22+00:00 virtualdmz1 ansible-ansible.legacy.setup: Invoked with gather_subset=['all'] gather_timeout=10 filter=[] fact_path=/etc/ansible/facts.d
2025-01-13T00:16:22+00:00 virtualdmz1 sudo: pam_unix(sudo:session): session closed for user root
2025-01-13T00:16:22+00:00 virtualdmz1 sshd[704]: syslogin_perform_logout: logout() returned an error
2025-01-13T00:16:23+00:00 virtualdmz1 sudo:  ansible : TTY=pts/0 ; PWD=/home/ansible ; USER=root ; COMMAND=/bin/sh -c 'echo BECOME-SUCCESS-fjiyotvdtqjrvqosjmuklwthflgchuyy ; /usr/bin/python3.11 /home/ansible/.ansible/tmp/ansible-tmp-1736727382.7815106-1486-63654284552059/AnsiballZ_lineinfile.py'
2025-01-13T00:16:23+00:00 virtualdmz1 sudo: pam_unix(sudo:session): session opened for user root(uid=0) by (uid=1000)
2025-01-13T00:16:23+00:00 virtualdmz1 ansible-lineinfile: Invoked with path=/var/www/html/DVWA/config/config.inc.php regexp=^(\$DB_HOST\s*=).*; line=\1 '10.1.1.10'; backrefs=True state=present create=False backup=False firstmatch=False unsafe_writes=False search_string=None insertafter=None insertbefore=None validate=None mode=None owner=None group=None seuser=None serole=None selevel=None setype=None attributes=None
2025-01-13T00:16:23+00:00 virtualdmz1 sudo: pam_unix(sudo:session): session closed for user root
2025-01-13T00:16:23+00:00 virtualdmz1 sshd[704]: syslogin_perform_logout: logout() returned an error
2025-01-13T00:16:23+00:00 virtualdmz1 sudo:  ansible : TTY=pts/0 ; PWD=/home/ansible ; USER=root ; COMMAND=/bin/sh -c 'echo BECOME-SUCCESS-tcixdttmvemanakpamendmckbwsbmlrs ; /usr/bin/python3.11 /home/ansible/.ansible/tmp/ansible-tmp-1736727383.6812375-1494-220861299851193/AnsiballZ_lineinfile.py'
2025-01-13T00:16:23+00:00 virtualdmz1 sudo: pam_unix(sudo:session): session opened for user root(uid=0) by (uid=1000)
2025-01-13T00:16:24+00:00 virtualdmz1 ansible-lineinfile: Invoked with path=/var/www/html/DVWA/config/config.inc.php regexp=^(\$DB_DATABASE\s*=).*; line=\1 'dvwa_db'; backrefs=True state=present create=False backup=False firstmatch=False unsafe_writes=False search_string=None insertafter=None insertbefore=None validate=None mode=None owner=None group=None seuser=None serole=None selevel=None setype=None attributes=None
2025-01-13T00:16:24+00:00 virtualdmz1 sudo: pam_unix(sudo:session): session closed for user root
2025-01-13T00:16:24+00:00 virtualdmz1 sshd[704]: syslogin_perform_logout: logout() returned an error
2025-01-13T00:16:24+00:00 virtualdmz1 sudo:  ansible : TTY=pts/0 ; PWD=/home/ansible ; USER=root ; COMMAND=/bin/sh -c 'echo BECOME-SUCCESS-snszabpywwgabpechpmcimisdivdmnqv ; /usr/bin/python3.11 /home/ansible/.ansible/tmp/ansible-tmp-1736727384.3389804-1509-76133019886411/AnsiballZ_lineinfile.py'
2025-01-13T00:16:24+00:00 virtualdmz1 sudo: pam_unix(sudo:session): session opened for user root(uid=0) by (uid=1000)
2025-01-13T00:16:24+00:00 virtualdmz1 ansible-lineinfile: Invoked with path=/var/www/html/DVWA/config/config.inc.php regexp=^(\$DB_USER\s*=).*; line=\1 'dvwa'; backrefs=True state=present create=False backup=False firstmatch=False unsafe_writes=False search_string=None insertafter=None insertbefore=None validate=None mode=None owner=None group=None seuser=None serole=None selevel=None setype=None attributes=None
2025-01-13T00:16:24+00:00 virtualdmz1 sudo: pam_unix(sudo:session): session closed for user root
2025-01-13T00:16:24+00:00 virtualdmz1 sshd[704]: syslogin_perform_logout: logout() returned an error
2025-01-13T00:16:25+00:00 virtualdmz1 sudo:  ansible : TTY=pts/0 ; PWD=/home/ansible ; USER=root ; COMMAND=/bin/sh -c 'echo BECOME-SUCCESS-qudhmooincvhofxnkfyjsrqyhncvrcpk ; /usr/bin/python3.11 /home/ansible/.ansible/tmp/ansible-tmp-1736727384.983511-1517-106491875741722/AnsiballZ_lineinfile.py'
2025-01-13T00:16:25+00:00 virtualdmz1 sudo: pam_unix(sudo:session): session opened for user root(uid=0) by (uid=1000)
2025-01-13T00:16:25+00:00 virtualdmz1 ansible-lineinfile: Invoked with path=/var/www/html/DVWA/config/config.inc.php regexp=^(\$DB_PASSWORD\s*=).*; line=\1 'azerty'; backrefs=True state=present create=False backup=False firstmatch=False unsafe_writes=False search_string=None insertafter=None insertbefore=None validate=None mode=None owner=None group=None seuser=None serole=None selevel=None setype=None attributes=None
2025-01-13T00:16:25+00:00 virtualdmz1 sudo: pam_unix(sudo:session): session closed for user root
2025-01-13T00:16:25+00:00 virtualdmz1 sshd[704]: syslogin_perform_logout: logout() returned an error
2025-01-13T00:17:25+00:00 virtualdmz1 sshd[718]: Received disconnect from 10.1.255.254 port 41352:11: disconnected by user
2025-01-13T00:17:25+00:00 virtualdmz1 sshd[718]: Disconnected from user ansible 10.1.255.254 port 41352
2025-01-13T00:17:25+00:00 virtualdmz1 sshd[704]: pam_unix(sshd:session): session closed for user ansible
2025-01-13T00:17:25+00:00 virtualdmz1 systemd[1]: session-13.scope: Deactivated successfully.
2025-01-13T00:17:25+00:00 virtualdmz1 systemd[1]: session-13.scope: Consumed 1min 4.263s CPU time.
2025-01-13T00:17:25+00:00 virtualdmz1 systemd-logind[421]: Session 13 logged out. Waiting for processes to exit.
2025-01-13T00:17:25+00:00 virtualdmz1 systemd-logind[421]: Removed session 13.
2025-01-13T00:17:35+00:00 virtualdmz1 systemd[1]: Stopping user@1000.service - User Manager for UID 1000...
2025-01-13T00:17:35+00:00 virtualdmz1 systemd[707]: Activating special unit exit.target...
2025-01-13T00:17:35+00:00 virtualdmz1 systemd[707]: Stopped target default.target - Main User Target.
2025-01-13T00:17:35+00:00 virtualdmz1 systemd[707]: Stopped target basic.target - Basic System.
2025-01-13T00:17:35+00:00 virtualdmz1 systemd[707]: Stopped target paths.target - Paths.
2025-01-13T00:17:35+00:00 virtualdmz1 systemd[707]: Stopped target sockets.target - Sockets.
2025-01-13T00:17:35+00:00 virtualdmz1 systemd[707]: Stopped target timers.target - Timers.
2025-01-13T00:17:35+00:00 virtualdmz1 systemd[707]: Closed dbus.socket - D-Bus User Message Bus Socket.
2025-01-13T00:17:35+00:00 virtualdmz1 systemd[707]: Removed slice app.slice - User Application Slice.
2025-01-13T00:17:35+00:00 virtualdmz1 systemd[707]: Reached target shutdown.target - Shutdown.
2025-01-13T00:17:35+00:00 virtualdmz1 systemd[707]: Finished systemd-exit.service - Exit the Session.
2025-01-13T00:17:35+00:00 virtualdmz1 (sd-pam): pam_unix(systemd-user:session): session closed for user ansible
2025-01-13T00:17:35+00:00 virtualdmz1 systemd[707]: Reached target exit.target - Exit the Session.
2025-01-13T00:17:35+00:00 virtualdmz1 systemd[1]: user@1000.service: Deactivated successfully.
2025-01-13T00:17:35+00:00 virtualdmz1 systemd[1]: Stopped user@1000.service - User Manager for UID 1000.
2025-01-13T00:17:35+00:00 virtualdmz1 systemd[1]: Stopping user-runtime-dir@1000.service - User Runtime Directory /run/user/1000...
2025-01-13T00:17:35+00:00 virtualdmz1 systemd[1]: run-user-1000.mount: Deactivated successfully.
2025-01-13T00:17:35+00:00 virtualdmz1 systemd[1]: user-runtime-dir@1000.service: Deactivated successfully.
2025-01-13T00:17:35+00:00 virtualdmz1 systemd[1]: Stopped user-runtime-dir@1000.service - User Runtime Directory /run/user/1000.
2025-01-13T00:17:35+00:00 virtualdmz1 systemd[1]: Removed slice user-1000.slice - User Slice of UID 1000.
2025-01-13T00:17:35+00:00 virtualdmz1 systemd[1]: user-1000.slice: Consumed 1min 4.388s CPU time.
2025-01-13T00:22:35+00:00 virtualdmz1 sudo:     root : TTY=pts/0 ; PWD=/ ; USER=root ; COMMAND=/usr/bin/systemctl status mysql
2025-01-13T00:22:35+00:00 virtualdmz1 sudo: pam_unix(sudo:session): session opened for user root(uid=0) by (uid=0)
2025-01-13T00:22:35+00:00 virtualdmz1 systemd[1]: Starting systemd-tmpfiles-clean.service - Cleanup of Temporary Directories...
2025-01-13T00:22:35+00:00 virtualdmz1 sudo: pam_unix(sudo:session): session closed for user root
2025-01-13T00:22:35+00:00 virtualdmz1 systemd[1]: systemd-tmpfiles-clean.service: Deactivated successfully.
2025-01-13T00:22:35+00:00 virtualdmz1 systemd[1]: Finished systemd-tmpfiles-clean.service - Cleanup of Temporary Directories.
2025-01-13T00:22:59+00:00 virtualdmz1 sudo:     root : TTY=pts/0 ; PWD=/ ; USER=root ; COMMAND=/usr/bin/systemctl status mariadb
2025-01-13T00:23:00+00:00 virtualdmz1 sudo: pam_unix(sudo:session): session opened for user root(uid=0) by (uid=0)
2025-01-13T00:23:00+00:00 virtualdmz1 sudo: pam_unix(sudo:session): session closed for user root
2025-01-13T00:23:09+00:00 virtualdmz1 sudo:     root : TTY=pts/0 ; PWD=/ ; USER=root ; COMMAND=/usr/bin/systemctl status msql
2025-01-13T00:23:09+00:00 virtualdmz1 sudo: pam_unix(sudo:session): session opened for user root(uid=0) by (uid=0)
2025-01-13T00:23:09+00:00 virtualdmz1 sudo: pam_unix(sudo:session): session closed for user root
2025-01-13T00:23:13+00:00 virtualdmz1 sudo:     root : TTY=pts/0 ; PWD=/ ; USER=root ; COMMAND=/usr/bin/systemctl status sql
2025-01-13T00:23:13+00:00 virtualdmz1 sudo: pam_unix(sudo:session): session opened for user root(uid=0) by (uid=0)
2025-01-13T00:23:13+00:00 virtualdmz1 sudo: pam_unix(sudo:session): session closed for user root
2025-01-13T00:55:08+00:00 virtualdmz1 systemd[1]: Received SIGTERM.
2025-01-13T00:55:09+00:00 virtualdmz1 systemd[1]: Reexecuting.
2025-01-13T00:59:02+00:00 virtualdmz1 systemd[1]: Listening on syslog.socket - Syslog Socket.
2025-01-13T00:59:02+00:00 virtualdmz1 systemd[1]: Starting rsyslog.service - System Logging Service...
2025-01-13T00:59:02+00:00 virtualdmz1 systemd[1]: Started rsyslog.service - System Logging Service.
2025-01-13T00:59:02+00:00 virtualdmz1 rsyslogd: imuxsock: Acquired UNIX socket '/run/systemd/journal/syslog' (fd 3) from systemd.  [v8.2302.0]
2025-01-13T00:59:02+00:00 virtualdmz1 rsyslogd: [origin software="rsyslogd" swVersion="8.2302.0" x-pid="707" x-info="https://www.rsyslog.com"] start
2025-01-13T00:59:02+00:00 virtualdmz1 sudo: pam_unix(sudo:session): session closed for user root
2025-01-13T00:59:02+00:00 virtualdmz1 sshd[57]: syslogin_perform_logout: logout() returned an error
2025-01-13T01:00:02+00:00 virtualdmz1 sshd[63]: Received disconnect from 10.1.255.254 port 37658:11: disconnected by user
2025-01-13T01:00:02+00:00 virtualdmz1 sshd[63]: Disconnected from user ansible 10.1.255.254 port 37658
2025-01-13T01:00:02+00:00 virtualdmz1 sshd[57]: pam_unix(sshd:session): session closed for user ansible
2025-01-13T01:01:43+00:00 virtualdmz1 sshd[717]: Accepted publickey for ansible from 10.1.255.254 port 52634 ssh2: ED25519 SHA256:ZoFDnATA8kk8im/LXJ6IZRExSGFYmWOQ7CoCR9fWFQ0
2025-01-13T01:01:43+00:00 virtualdmz1 sshd[717]: pam_unix(sshd:session): session opened for user ansible(uid=1000) by (uid=0)
2025-01-13T01:01:43+00:00 virtualdmz1 systemd-logind[434]: New session 25 of user ansible.
2025-01-13T01:01:43+00:00 virtualdmz1 systemd[1]: Created slice user-1000.slice - User Slice of UID 1000.
2025-01-13T01:01:43+00:00 virtualdmz1 systemd[1]: Starting user-runtime-dir@1000.service - User Runtime Directory /run/user/1000...
2025-01-13T01:01:43+00:00 virtualdmz1 systemd[1]: Finished user-runtime-dir@1000.service - User Runtime Directory /run/user/1000.
2025-01-13T01:01:43+00:00 virtualdmz1 systemd[1]: Starting user@1000.service - User Manager for UID 1000...
2025-01-13T01:01:43+00:00 virtualdmz1 (systemd): pam_unix(systemd-user:session): session opened for user ansible(uid=1000) by (uid=0)
2025-01-13T01:01:43+00:00 virtualdmz1 systemd[720]: Queued start job for default target default.target.
2025-01-13T01:01:43+00:00 virtualdmz1 systemd[720]: Created slice app.slice - User Application Slice.
2025-01-13T01:01:43+00:00 virtualdmz1 systemd[720]: Reached target paths.target - Paths.
2025-01-13T01:01:43+00:00 virtualdmz1 systemd[720]: Reached target timers.target - Timers.
2025-01-13T01:01:43+00:00 virtualdmz1 systemd[720]: Starting dbus.socket - D-Bus User Message Bus Socket...
2025-01-13T01:01:43+00:00 virtualdmz1 systemd[720]: Listening on dbus.socket - D-Bus User Message Bus Socket.
2025-01-13T01:01:43+00:00 virtualdmz1 systemd[720]: Reached target sockets.target - Sockets.
2025-01-13T01:01:43+00:00 virtualdmz1 systemd[720]: Reached target basic.target - Basic System.
2025-01-13T01:01:43+00:00 virtualdmz1 systemd[720]: Reached target default.target - Main User Target.
2025-01-13T01:01:43+00:00 virtualdmz1 systemd[720]: Startup finished in 105ms.
2025-01-13T01:01:43+00:00 virtualdmz1 systemd[1]: Started user@1000.service - User Manager for UID 1000.
2025-01-13T01:01:43+00:00 virtualdmz1 systemd[1]: Started session-25.scope - Session 25 of User ansible.
2025-01-13T01:01:43+00:00 virtualdmz1 sshd[717]: pam_env(sshd:session): deprecated reading of user environment enabled
2025-01-13T01:01:43+00:00 virtualdmz1 sshd[717]: pam_env(sshd:session): Unable to open env file: /etc/default/locale: No such file or directory
2025-01-13T01:01:44+00:00 virtualdmz1 sudo:  ansible : TTY=pts/0 ; PWD=/home/ansible ; USER=root ; COMMAND=/bin/sh -c 'echo BECOME-SUCCESS-rbmdtmwaoqhffvecgxexvqmxbbscevti ; /usr/bin/python3.11 /home/ansible/.ansible/tmp/ansible-tmp-1736730103.5157485-1293-48496706373982/AnsiballZ_setup.py'
2025-01-13T01:01:44+00:00 virtualdmz1 sudo: pam_unix(sudo:session): session opened for user root(uid=0) by (uid=1000)
2025-01-13T01:01:44+00:00 virtualdmz1 ansible-ansible.legacy.setup: Invoked with gather_subset=['all'] gather_timeout=10 filter=[] fact_path=/etc/ansible/facts.d
2025-01-13T01:01:45+00:00 virtualdmz1 sudo: pam_unix(sudo:session): session closed for user root
2025-01-13T01:01:45+00:00 virtualdmz1 sshd[717]: syslogin_perform_logout: logout() returned an error
2025-01-13T01:01:46+00:00 virtualdmz1 sudo:  ansible : TTY=pts/0 ; PWD=/home/ansible ; USER=root ; COMMAND=/bin/sh -c 'echo BECOME-SUCCESS-dxpquqcucxkdgpjmlvsiudipqiuxecsv ; /usr/bin/python3.11 /home/ansible/.ansible/tmp/ansible-tmp-1736730105.6884062-1314-18531318322034/AnsiballZ_apt.py'
2025-01-13T01:01:46+00:00 virtualdmz1 sudo: pam_unix(sudo:session): session opened for user root(uid=0) by (uid=1000)
2025-01-13T01:01:46+00:00 virtualdmz1 ansible-apt: Invoked with name=['apache2', 'php', 'php-mysqli', 'php-gd', 'libapache2-mod-php', 'curl', 'git'] state=present update_cache=True package=['apache2', 'php', 'php-mysqli', 'php-gd', 'libapache2-mod-php', 'curl', 'git'] update_cache_retries=5 update_cache_retry_max_delay=12 cache_valid_time=0 purge=False force=False upgrade=no dpkg_options=force-confdef,force-confold autoremove=False autoclean=False fail_on_autoremove=False only_upgrade=False force_apt_get=False clean=False allow_unauthenticated=False allow_downgrade=False allow_change_held_packages=False lock_timeout=60 deb=None default_release=None install_recommends=None policy_rc_d=None
2025-01-13T01:02:10+00:00 virtualdmz1 systemd[1]: Reloading.
2025-01-13T01:02:11+00:00 virtualdmz1 systemd[1]: Reloading.
2025-01-13T01:02:12+00:00 virtualdmz1 php8.2-common: php_invoke calendar: already enabled for PHP 8.2 cli sapi
2025-01-13T01:02:12+00:00 virtualdmz1 php8.2-common: php_invoke calendar: already enabled for PHP 8.2 apache2 sapi
2025-01-13T01:02:13+00:00 virtualdmz1 php8.2-common: php_invoke ctype: already enabled for PHP 8.2 cli sapi
2025-01-13T01:02:13+00:00 virtualdmz1 php8.2-common: php_invoke ctype: already enabled for PHP 8.2 apache2 sapi
2025-01-13T01:02:14+00:00 virtualdmz1 php8.2-common: php_invoke exif: already enabled for PHP 8.2 cli sapi
2025-01-13T01:02:14+00:00 virtualdmz1 php8.2-common: php_invoke exif: already enabled for PHP 8.2 apache2 sapi
2025-01-13T01:02:14+00:00 virtualdmz1 php8.2-common: php_invoke fileinfo: already enabled for PHP 8.2 cli sapi
2025-01-13T01:02:15+00:00 virtualdmz1 php8.2-common: php_invoke fileinfo: already enabled for PHP 8.2 apache2 sapi
2025-01-13T01:02:15+00:00 virtualdmz1 php8.2-common: php_invoke ffi: already enabled for PHP 8.2 cli sapi
2025-01-13T01:02:15+00:00 virtualdmz1 php8.2-common: php_invoke ffi: already enabled for PHP 8.2 apache2 sapi
2025-01-13T01:02:16+00:00 virtualdmz1 php8.2-common: php_invoke ftp: already enabled for PHP 8.2 cli sapi
2025-01-13T01:02:16+00:00 virtualdmz1 php8.2-common: php_invoke ftp: already enabled for PHP 8.2 apache2 sapi
2025-01-13T01:02:17+00:00 virtualdmz1 php8.2-common: php_invoke gettext: already enabled for PHP 8.2 cli sapi
2025-01-13T01:02:17+00:00 virtualdmz1 php8.2-common: php_invoke gettext: already enabled for PHP 8.2 apache2 sapi
2025-01-13T01:02:18+00:00 virtualdmz1 php8.2-common: php_invoke iconv: already enabled for PHP 8.2 cli sapi
2025-01-13T01:02:18+00:00 virtualdmz1 php8.2-common: php_invoke iconv: already enabled for PHP 8.2 apache2 sapi
2025-01-13T01:02:19+00:00 virtualdmz1 php8.2-common: php_invoke pdo: already enabled for PHP 8.2 cli sapi
2025-01-13T01:02:19+00:00 virtualdmz1 php8.2-common: php_invoke pdo: already enabled for PHP 8.2 apache2 sapi
2025-01-13T01:02:20+00:00 virtualdmz1 php8.2-common: php_invoke phar: already enabled for PHP 8.2 cli sapi
2025-01-13T01:02:20+00:00 virtualdmz1 php8.2-common: php_invoke phar: already enabled for PHP 8.2 apache2 sapi
2025-01-13T01:02:21+00:00 virtualdmz1 php8.2-common: php_invoke posix: already enabled for PHP 8.2 cli sapi
2025-01-13T01:02:21+00:00 virtualdmz1 php8.2-common: php_invoke posix: already enabled for PHP 8.2 apache2 sapi
2025-01-13T01:02:22+00:00 virtualdmz1 php8.2-common: php_invoke shmop: already enabled for PHP 8.2 cli sapi
2025-01-13T01:02:22+00:00 virtualdmz1 php8.2-common: php_invoke shmop: already enabled for PHP 8.2 apache2 sapi
2025-01-13T01:02:23+00:00 virtualdmz1 php8.2-common: php_invoke sockets: already enabled for PHP 8.2 cli sapi
2025-01-13T01:02:23+00:00 virtualdmz1 php8.2-common: php_invoke sockets: already enabled for PHP 8.2 apache2 sapi
2025-01-13T01:02:23+00:00 virtualdmz1 php8.2-common: php_invoke sysvmsg: already enabled for PHP 8.2 cli sapi
2025-01-13T01:02:23+00:00 virtualdmz1 php8.2-common: php_invoke sysvmsg: already enabled for PHP 8.2 apache2 sapi
2025-01-13T01:02:24+00:00 virtualdmz1 php8.2-common: php_invoke sysvsem: already enabled for PHP 8.2 cli sapi
2025-01-13T01:02:24+00:00 virtualdmz1 php8.2-common: php_invoke sysvsem: already enabled for PHP 8.2 apache2 sapi
2025-01-13T01:02:25+00:00 virtualdmz1 php8.2-common: php_invoke sysvshm: already enabled for PHP 8.2 cli sapi
2025-01-13T01:02:25+00:00 virtualdmz1 php8.2-common: php_invoke sysvshm: already enabled for PHP 8.2 apache2 sapi
2025-01-13T01:02:26+00:00 virtualdmz1 php8.2-common: php_invoke tokenizer: already enabled for PHP 8.2 cli sapi
2025-01-13T01:02:26+00:00 virtualdmz1 php8.2-common: php_invoke tokenizer: already enabled for PHP 8.2 apache2 sapi
2025-01-13T01:02:27+00:00 virtualdmz1 php8.2-mysql: php_invoke mysqlnd: already enabled for PHP 8.2 cli sapi
2025-01-13T01:02:27+00:00 virtualdmz1 php8.2-mysql: php_invoke mysqlnd: already enabled for PHP 8.2 apache2 sapi
2025-01-13T01:02:28+00:00 virtualdmz1 php8.2-mysql: php_invoke mysqli: already enabled for PHP 8.2 cli sapi
2025-01-13T01:02:28+00:00 virtualdmz1 php8.2-mysql: php_invoke mysqli: already enabled for PHP 8.2 apache2 sapi
2025-01-13T01:02:29+00:00 virtualdmz1 php8.2-mysql: php_invoke pdo_mysql: already enabled for PHP 8.2 cli sapi
2025-01-13T01:02:29+00:00 virtualdmz1 php8.2-mysql: php_invoke pdo_mysql: already enabled for PHP 8.2 apache2 sapi
2025-01-13T01:02:30+00:00 virtualdmz1 php8.2-opcache: php_invoke opcache: already enabled for PHP 8.2 cli sapi
2025-01-13T01:02:30+00:00 virtualdmz1 php8.2-opcache: php_invoke opcache: already enabled for PHP 8.2 apache2 sapi
2025-01-13T01:02:31+00:00 virtualdmz1 php8.2-readline: php_invoke readline: already enabled for PHP 8.2 cli sapi
2025-01-13T01:02:31+00:00 virtualdmz1 php8.2-readline: php_invoke readline: already enabled for PHP 8.2 apache2 sapi
2025-01-13T01:02:31+00:00 virtualdmz1 groupadd[6947]: group added to /etc/group: name=ssl-cert, GID=103
2025-01-13T01:02:31+00:00 virtualdmz1 groupadd[6947]: group added to /etc/gshadow: name=ssl-cert
2025-01-13T01:02:31+00:00 virtualdmz1 groupadd[6947]: new group: name=ssl-cert, GID=103
2025-01-13T01:02:34+00:00 virtualdmz1 php8.2-cli: php_invoke pdo: already enabled for PHP 8.2 cli sapi
2025-01-13T01:02:34+00:00 virtualdmz1 php8.2-cli: php_invoke iconv: already enabled for PHP 8.2 cli sapi
2025-01-13T01:02:34+00:00 virtualdmz1 php8.2-cli: php_invoke readline: already enabled for PHP 8.2 cli sapi
2025-01-13T01:02:34+00:00 virtualdmz1 php8.2-cli: php_invoke ffi: already enabled for PHP 8.2 cli sapi
2025-01-13T01:02:34+00:00 virtualdmz1 php8.2-cli: php_invoke opcache: already enabled for PHP 8.2 cli sapi
2025-01-13T01:02:34+00:00 virtualdmz1 php8.2-cli: php_invoke fileinfo: already enabled for PHP 8.2 cli sapi
2025-01-13T01:02:34+00:00 virtualdmz1 php8.2-cli: php_invoke pdo_mysql: already enabled for PHP 8.2 cli sapi
2025-01-13T01:02:34+00:00 virtualdmz1 php8.2-cli: php_invoke ftp: already enabled for PHP 8.2 cli sapi
2025-01-13T01:02:34+00:00 virtualdmz1 php8.2-cli: php_invoke sockets: already enabled for PHP 8.2 cli sapi
2025-01-13T01:02:34+00:00 virtualdmz1 php8.2-cli: php_invoke exif: already enabled for PHP 8.2 cli sapi
2025-01-13T01:02:34+00:00 virtualdmz1 php8.2-cli: php_invoke shmop: already enabled for PHP 8.2 cli sapi
2025-01-13T01:02:35+00:00 virtualdmz1 php8.2-cli: php_invoke phar: already enabled for PHP 8.2 cli sapi
2025-01-13T01:02:35+00:00 virtualdmz1 php8.2-cli: php_invoke sysvshm: already enabled for PHP 8.2 cli sapi
2025-01-13T01:02:35+00:00 virtualdmz1 php8.2-cli: php_invoke sysvsem: already enabled for PHP 8.2 cli sapi
2025-01-13T01:02:35+00:00 virtualdmz1 php8.2-cli: php_invoke ctype: already enabled for PHP 8.2 cli sapi
2025-01-13T01:02:35+00:00 virtualdmz1 php8.2-cli: php_invoke posix: already enabled for PHP 8.2 cli sapi
2025-01-13T01:02:35+00:00 virtualdmz1 php8.2-cli: php_invoke sysvmsg: already enabled for PHP 8.2 cli sapi
2025-01-13T01:02:35+00:00 virtualdmz1 php8.2-cli: php_invoke calendar: already enabled for PHP 8.2 cli sapi
2025-01-13T01:02:35+00:00 virtualdmz1 php8.2-cli: php_invoke gettext: already enabled for PHP 8.2 cli sapi
2025-01-13T01:02:35+00:00 virtualdmz1 php8.2-cli: php_invoke mysqlnd: already enabled for PHP 8.2 cli sapi
2025-01-13T01:02:35+00:00 virtualdmz1 php8.2-cli: php_invoke mysqli: already enabled for PHP 8.2 cli sapi
2025-01-13T01:02:35+00:00 virtualdmz1 php8.2-cli: php_invoke tokenizer: already enabled for PHP 8.2 cli sapi
2025-01-13T01:02:36+00:00 virtualdmz1 php8.2-gd: php_invoke gd: already enabled for PHP 8.2 cli sapi
2025-01-13T01:02:36+00:00 virtualdmz1 php8.2-gd: php_invoke gd: already enabled for PHP 8.2 apache2 sapi
2025-01-13T01:02:37+00:00 virtualdmz1 libapache2-mod-php8.2: php_invoke pdo: already enabled for PHP 8.2 apache2 sapi
2025-01-13T01:02:37+00:00 virtualdmz1 libapache2-mod-php8.2: php_invoke iconv: already enabled for PHP 8.2 apache2 sapi
2025-01-13T01:02:37+00:00 virtualdmz1 libapache2-mod-php8.2: php_invoke readline: already enabled for PHP 8.2 apache2 sapi
2025-01-13T01:02:37+00:00 virtualdmz1 libapache2-mod-php8.2: php_invoke ffi: already enabled for PHP 8.2 apache2 sapi
2025-01-13T01:02:37+00:00 virtualdmz1 libapache2-mod-php8.2: php_invoke opcache: already enabled for PHP 8.2 apache2 sapi
2025-01-13T01:02:37+00:00 virtualdmz1 libapache2-mod-php8.2: php_invoke fileinfo: already enabled for PHP 8.2 apache2 sapi
2025-01-13T01:02:38+00:00 virtualdmz1 libapache2-mod-php8.2: php_invoke pdo_mysql: already enabled for PHP 8.2 apache2 sapi
2025-01-13T01:02:38+00:00 virtualdmz1 libapache2-mod-php8.2: php_invoke gd: already enabled for PHP 8.2 apache2 sapi
2025-01-13T01:02:38+00:00 virtualdmz1 libapache2-mod-php8.2: php_invoke ftp: already enabled for PHP 8.2 apache2 sapi
2025-01-13T01:02:38+00:00 virtualdmz1 libapache2-mod-php8.2: php_invoke sockets: already enabled for PHP 8.2 apache2 sapi
2025-01-13T01:02:38+00:00 virtualdmz1 libapache2-mod-php8.2: php_invoke exif: already enabled for PHP 8.2 apache2 sapi
2025-01-13T01:02:38+00:00 virtualdmz1 libapache2-mod-php8.2: php_invoke shmop: already enabled for PHP 8.2 apache2 sapi
2025-01-13T01:02:38+00:00 virtualdmz1 libapache2-mod-php8.2: php_invoke phar: already enabled for PHP 8.2 apache2 sapi
2025-01-13T01:02:38+00:00 virtualdmz1 libapache2-mod-php8.2: php_invoke sysvshm: already enabled for PHP 8.2 apache2 sapi
2025-01-13T01:02:38+00:00 virtualdmz1 libapache2-mod-php8.2: php_invoke sysvsem: already enabled for PHP 8.2 apache2 sapi
2025-01-13T01:02:38+00:00 virtualdmz1 libapache2-mod-php8.2: php_invoke ctype: already enabled for PHP 8.2 apache2 sapi
2025-01-13T01:02:38+00:00 virtualdmz1 libapache2-mod-php8.2: php_invoke posix: already enabled for PHP 8.2 apache2 sapi
2025-01-13T01:02:39+00:00 virtualdmz1 libapache2-mod-php8.2: php_invoke sysvmsg: already enabled for PHP 8.2 apache2 sapi
2025-01-13T01:02:39+00:00 virtualdmz1 libapache2-mod-php8.2: php_invoke calendar: already enabled for PHP 8.2 apache2 sapi
2025-01-13T01:02:39+00:00 virtualdmz1 libapache2-mod-php8.2: php_invoke gettext: already enabled for PHP 8.2 apache2 sapi
2025-01-13T01:02:39+00:00 virtualdmz1 libapache2-mod-php8.2: php_invoke mysqlnd: already enabled for PHP 8.2 apache2 sapi
2025-01-13T01:02:39+00:00 virtualdmz1 libapache2-mod-php8.2: php_invoke mysqli: already enabled for PHP 8.2 apache2 sapi
2025-01-13T01:02:39+00:00 virtualdmz1 libapache2-mod-php8.2: php_invoke tokenizer: already enabled for PHP 8.2 apache2 sapi
2025-01-13T01:02:42+00:00 virtualdmz1 apache2.postinst: Switch to mpm prefork for package libapache2-mod-php8.2
2025-01-13T01:02:42+00:00 virtualdmz1 apache2.postinst: Executing deferred 'a2enmod php8.2' for package libapache2-mod-php8.2
2025-01-13T01:02:42+00:00 virtualdmz1 systemd[1]: Reloading.
2025-01-13T01:02:43+00:00 virtualdmz1 systemd[1]: Reloading.
2025-01-13T01:02:44+00:00 virtualdmz1 systemd[1]: Reloading.
2025-01-13T01:02:44+00:00 virtualdmz1 systemd[1]: Reloading.
2025-01-13T01:02:45+00:00 virtualdmz1 systemd[1]: Reloading.
2025-01-13T01:02:45+00:00 virtualdmz1 systemd[1]: Reloading.
2025-01-13T01:02:47+00:00 virtualdmz1 sudo: pam_unix(sudo:session): session closed for user root
2025-01-13T01:02:47+00:00 virtualdmz1 sshd[717]: syslogin_perform_logout: logout() returned an error
2025-01-13T01:02:48+00:00 virtualdmz1 sudo:  ansible : TTY=pts/0 ; PWD=/home/ansible ; USER=root ; COMMAND=/bin/sh -c 'echo BECOME-SUCCESS-ntdsdpqqccrxuezartjhtzxxeiuehiun ; /usr/bin/python3.11 /home/ansible/.ansible/tmp/ansible-tmp-1736730167.9974446-1395-126804747012326/AnsiballZ_systemd.py'
2025-01-13T01:02:48+00:00 virtualdmz1 sudo: pam_unix(sudo:session): session opened for user root(uid=0) by (uid=1000)
2025-01-13T01:02:49+00:00 virtualdmz1 ansible-ansible.legacy.systemd: Invoked with name=apache2 state=started enabled=True daemon_reload=False daemon_reexec=False scope=system no_block=False force=None masked=None
2025-01-13T01:02:49+00:00 virtualdmz1 systemd[1]: Starting apache2.service - The Apache HTTP Server...
2025-01-13T01:02:49+00:00 virtualdmz1 apachectl[9444]: AH00558: apache2: Could not reliably determine the server's fully qualified domain name, using 10.0.3.10. Set the 'ServerName' directive globally to suppress this message
2025-01-13T01:02:49+00:00 virtualdmz1 systemd[1]: Started apache2.service - The Apache HTTP Server.
2025-01-13T01:02:49+00:00 virtualdmz1 sudo: pam_unix(sudo:session): session closed for user root
2025-01-13T01:02:49+00:00 virtualdmz1 sshd[717]: syslogin_perform_logout: logout() returned an error
2025-01-13T01:02:50+00:00 virtualdmz1 sudo:  ansible : TTY=pts/0 ; PWD=/home/ansible ; USER=root ; COMMAND=/bin/sh -c 'echo BECOME-SUCCESS-xqbhkwjzfoldbrquzzyvavijqudpixpy ; /usr/bin/python3.11 /home/ansible/.ansible/tmp/ansible-tmp-1736730169.8389647-1403-135173865961699/AnsiballZ_git.py'
2025-01-13T01:02:50+00:00 virtualdmz1 sudo: pam_unix(sudo:session): session opened for user root(uid=0) by (uid=1000)
2025-01-13T01:02:50+00:00 virtualdmz1 ansible-git: Invoked with repo=https://github.com/digininja/DVWA.git dest=/var/www/html/DVWA version=HEAD remote=origin force=False clone=True update=True verify_commit=False gpg_allowlist=[] accept_hostkey=False accept_newhostkey=False bare=False recursive=True single_branch=False track_submodules=False refspec=None reference=None depth=None key_file=None ssh_opts=None executable=None umask=None archive=None archive_prefix=None separate_git_dir=None
2025-01-13T01:03:00+00:00 virtualdmz1 sudo: pam_unix(sudo:session): session closed for user root
2025-01-13T01:03:00+00:00 virtualdmz1 sshd[717]: syslogin_perform_logout: logout() returned an error
2025-01-13T01:03:01+00:00 virtualdmz1 sudo:  ansible : TTY=pts/0 ; PWD=/home/ansible ; USER=root ; COMMAND=/bin/sh -c 'echo BECOME-SUCCESS-vyvhdaouktdkxezmsknqbfgtfitximsk ; /usr/bin/python3.11 /home/ansible/.ansible/tmp/ansible-tmp-1736730181.0567648-1430-255189772038545/AnsiballZ_file.py'
2025-01-13T01:03:01+00:00 virtualdmz1 sudo: pam_unix(sudo:session): session opened for user root(uid=0) by (uid=1000)
2025-01-13T01:03:01+00:00 virtualdmz1 ansible-file: Invoked with path=/var/www/html/DVWA owner=www-data group=www-data recurse=True force=False follow=True modification_time_format=%Y%m%d%H%M.%S access_time_format=%Y%m%d%H%M.%S unsafe_writes=False state=None _original_basename=None _diff_peek=None src=None modification_time=None access_time=None mode=None seuser=None serole=None selevel=None setype=None attributes=None
2025-01-13T01:03:02+00:00 virtualdmz1 sudo: pam_unix(sudo:session): session closed for user root
2025-01-13T01:03:02+00:00 virtualdmz1 sshd[717]: syslogin_perform_logout: logout() returned an error
2025-01-13T01:03:02+00:00 virtualdmz1 sudo:  ansible : TTY=pts/0 ; PWD=/home/ansible ; USER=root ; COMMAND=/bin/sh -c 'echo BECOME-SUCCESS-tavhetbkoehiatpafdandbfotdgnsegw ; /usr/bin/python3.11 /home/ansible/.ansible/tmp/ansible-tmp-1736730182.1655529-1438-16876424891233/AnsiballZ_copy.py'
2025-01-13T01:03:02+00:00 virtualdmz1 sudo: pam_unix(sudo:session): session opened for user root(uid=0) by (uid=1000)
2025-01-13T01:03:02+00:00 virtualdmz1 ansible-ansible.legacy.copy: Invoked with src=/var/www/html/DVWA/config/config.inc.php.dist dest=/var/www/html/DVWA/config/config.inc.php remote_src=True backup=False force=True follow=False unsafe_writes=False _original_basename=None content=NOT_LOGGING_PARAMETER validate=None directory_mode=None local_follow=None checksum=None mode=None owner=None group=None seuser=None serole=None selevel=None setype=None attributes=None
2025-01-13T01:03:02+00:00 virtualdmz1 sudo: pam_unix(sudo:session): session closed for user root
2025-01-13T01:03:02+00:00 virtualdmz1 sshd[717]: syslogin_perform_logout: logout() returned an error
2025-01-13T01:03:03+00:00 virtualdmz1 sudo:  ansible : TTY=pts/0 ; PWD=/home/ansible ; USER=root ; COMMAND=/bin/sh -c 'echo BECOME-SUCCESS-uhtsqcypafsleheuanucuflmhzrvgclv ; /usr/bin/python3.11 /home/ansible/.ansible/tmp/ansible-tmp-1736730183.1432173-1447-76097811358053/AnsiballZ_setup.py'
2025-01-13T01:03:03+00:00 virtualdmz1 sudo: pam_unix(sudo:session): session opened for user root(uid=0) by (uid=1000)
2025-01-13T01:03:03+00:00 virtualdmz1 ansible-ansible.legacy.setup: Invoked with gather_subset=['all'] gather_timeout=10 filter=[] fact_path=/etc/ansible/facts.d
2025-01-13T01:03:04+00:00 virtualdmz1 sudo: pam_unix(sudo:session): session closed for user root
2025-01-13T01:03:04+00:00 virtualdmz1 sshd[717]: syslogin_perform_logout: logout() returned an error
2025-01-13T01:03:05+00:00 virtualdmz1 sudo:  ansible : TTY=pts/0 ; PWD=/home/ansible ; USER=root ; COMMAND=/bin/sh -c 'echo BECOME-SUCCESS-hgdhiammquttvgrvawhyrrarsgwjwcff ; /usr/bin/python3.11 /home/ansible/.ansible/tmp/ansible-tmp-1736730184.5653758-1455-47523031777347/AnsiballZ_lineinfile.py'
2025-01-13T01:03:05+00:00 virtualdmz1 sudo: pam_unix(sudo:session): session opened for user root(uid=0) by (uid=1000)
2025-01-13T01:03:05+00:00 virtualdmz1 ansible-lineinfile: Invoked with path=/var/www/html/DVWA/config/config.inc.php regexp=^(\$DB_HOST\s*=).*; line=\1 '10.1.1.10'; backrefs=True state=present create=False backup=False firstmatch=False unsafe_writes=False search_string=None insertafter=None insertbefore=None validate=None mode=None owner=None group=None seuser=None serole=None selevel=None setype=None attributes=None
2025-01-13T01:03:05+00:00 virtualdmz1 sudo: pam_unix(sudo:session): session closed for user root
2025-01-13T01:03:05+00:00 virtualdmz1 sshd[717]: syslogin_perform_logout: logout() returned an error
2025-01-13T01:03:05+00:00 virtualdmz1 sudo:  ansible : TTY=pts/0 ; PWD=/home/ansible ; USER=root ; COMMAND=/bin/sh -c 'echo BECOME-SUCCESS-wumcssyjsbvizfppykidukhfhkvsdtrp ; /usr/bin/python3.11 /home/ansible/.ansible/tmp/ansible-tmp-1736730185.4765599-1463-146128480509910/AnsiballZ_lineinfile.py'
2025-01-13T01:03:05+00:00 virtualdmz1 sudo: pam_unix(sudo:session): session opened for user root(uid=0) by (uid=1000)
2025-01-13T01:03:05+00:00 virtualdmz1 ansible-lineinfile: Invoked with path=/var/www/html/DVWA/config/config.inc.php regexp=^(\$DB_DATABASE\s*=).*; line=\1 'dvwa_db'; backrefs=True state=present create=False backup=False firstmatch=False unsafe_writes=False search_string=None insertafter=None insertbefore=None validate=None mode=None owner=None group=None seuser=None serole=None selevel=None setype=None attributes=None
2025-01-13T01:03:05+00:00 virtualdmz1 sudo: pam_unix(sudo:session): session closed for user root
2025-01-13T01:03:06+00:00 virtualdmz1 sshd[717]: syslogin_perform_logout: logout() returned an error
2025-01-13T01:03:06+00:00 virtualdmz1 sudo:  ansible : TTY=pts/0 ; PWD=/home/ansible ; USER=root ; COMMAND=/bin/sh -c 'echo BECOME-SUCCESS-mkxemhekwdhbvniykknhwbqlsaykgvrp ; /usr/bin/python3.11 /home/ansible/.ansible/tmp/ansible-tmp-1736730186.1343875-1478-108850118186182/AnsiballZ_lineinfile.py'
2025-01-13T01:03:06+00:00 virtualdmz1 sudo: pam_unix(sudo:session): session opened for user root(uid=0) by (uid=1000)
2025-01-13T01:03:06+00:00 virtualdmz1 ansible-lineinfile: Invoked with path=/var/www/html/DVWA/config/config.inc.php regexp=^(\$DB_USER\s*=).*; line=\1 'dvwa'; backrefs=True state=present create=False backup=False firstmatch=False unsafe_writes=False search_string=None insertafter=None insertbefore=None validate=None mode=None owner=None group=None seuser=None serole=None selevel=None setype=None attributes=None
2025-01-13T01:03:06+00:00 virtualdmz1 sudo: pam_unix(sudo:session): session closed for user root
2025-01-13T01:03:06+00:00 virtualdmz1 sshd[717]: syslogin_perform_logout: logout() returned an error
2025-01-13T01:03:06+00:00 virtualdmz1 sudo:  ansible : TTY=pts/0 ; PWD=/home/ansible ; USER=root ; COMMAND=/bin/sh -c 'echo BECOME-SUCCESS-yrdefotpwmifirtgoapjpemgyjijuopl ; /usr/bin/python3.11 /home/ansible/.ansible/tmp/ansible-tmp-1736730186.7989483-1486-204037606923707/AnsiballZ_lineinfile.py'
2025-01-13T01:03:06+00:00 virtualdmz1 sudo: pam_unix(sudo:session): session opened for user root(uid=0) by (uid=1000)
2025-01-13T01:03:07+00:00 virtualdmz1 ansible-lineinfile: Invoked with path=/var/www/html/DVWA/config/config.inc.php regexp=^(\$DB_PASSWORD\s*=).*; line=\1 'azerty'; backrefs=True state=present create=False backup=False firstmatch=False unsafe_writes=False search_string=None insertafter=None insertbefore=None validate=None mode=None owner=None group=None seuser=None serole=None selevel=None setype=None attributes=None
2025-01-13T01:03:07+00:00 virtualdmz1 sudo: pam_unix(sudo:session): session closed for user root
2025-01-13T01:03:07+00:00 virtualdmz1 sshd[717]: syslogin_perform_logout: logout() returned an error
2025-01-13T01:04:06+00:00 virtualdmz1 sshd[731]: Received disconnect from 10.1.255.254 port 52634:11: disconnected by user
2025-01-13T01:04:06+00:00 virtualdmz1 sshd[731]: Disconnected from user ansible 10.1.255.254 port 52634
2025-01-13T01:04:06+00:00 virtualdmz1 sshd[717]: pam_unix(sshd:session): session closed for user ansible
2025-01-13T01:04:06+00:00 virtualdmz1 systemd[1]: session-25.scope: Deactivated successfully.
2025-01-13T01:04:06+00:00 virtualdmz1 systemd[1]: session-25.scope: Consumed 1min 1.128s CPU time.
2025-01-13T01:04:06+00:00 virtualdmz1 systemd-logind[434]: Session 25 logged out. Waiting for processes to exit.
2025-01-13T01:04:06+00:00 virtualdmz1 systemd-logind[434]: Removed session 25.
2025-01-13T01:04:16+00:00 virtualdmz1 systemd[720]: Activating special unit exit.target...
2025-01-13T01:04:16+00:00 virtualdmz1 systemd[720]: Stopped target default.target - Main User Target.
2025-01-13T01:04:16+00:00 virtualdmz1 systemd[720]: Stopped target basic.target - Basic System.
2025-01-13T01:04:16+00:00 virtualdmz1 systemd[720]: Stopped target paths.target - Paths.
2025-01-13T01:04:16+00:00 virtualdmz1 systemd[720]: Stopped target sockets.target - Sockets.
2025-01-13T01:04:16+00:00 virtualdmz1 systemd[720]: Stopped target timers.target - Timers.
2025-01-13T01:04:16+00:00 virtualdmz1 systemd[720]: Closed dbus.socket - D-Bus User Message Bus Socket.
2025-01-13T01:04:16+00:00 virtualdmz1 systemd[1]: Stopping user@1000.service - User Manager for UID 1000...
2025-01-13T01:04:16+00:00 virtualdmz1 (sd-pam): pam_unix(systemd-user:session): session closed for user ansible
2025-01-13T01:04:16+00:00 virtualdmz1 systemd[720]: Removed slice app.slice - User Application Slice.
2025-01-13T01:04:16+00:00 virtualdmz1 systemd[720]: Reached target shutdown.target - Shutdown.
2025-01-13T01:04:16+00:00 virtualdmz1 systemd[720]: Finished systemd-exit.service - Exit the Session.
2025-01-13T01:04:16+00:00 virtualdmz1 systemd[720]: Reached target exit.target - Exit the Session.
2025-01-13T01:04:16+00:00 virtualdmz1 systemd[1]: user@1000.service: Deactivated successfully.
2025-01-13T01:04:16+00:00 virtualdmz1 systemd[1]: Stopped user@1000.service - User Manager for UID 1000.
2025-01-13T01:04:16+00:00 virtualdmz1 systemd[1]: Stopping user-runtime-dir@1000.service - User Runtime Directory /run/user/1000...
2025-01-13T01:04:16+00:00 virtualdmz1 systemd[1]: run-user-1000.mount: Deactivated successfully.
2025-01-13T01:04:16+00:00 virtualdmz1 systemd[1]: user-runtime-dir@1000.service: Deactivated successfully.
2025-01-13T01:04:16+00:00 virtualdmz1 systemd[1]: Stopped user-runtime-dir@1000.service - User Runtime Directory /run/user/1000.
2025-01-13T01:04:16+00:00 virtualdmz1 systemd[1]: Removed slice user-1000.slice - User Slice of UID 1000.
2025-01-13T01:04:16+00:00 virtualdmz1 systemd[1]: user-1000.slice: Consumed 1min 1.255s CPU time.
2025-01-13T01:05:15+00:00 virtualdmz1 systemd[1]: Received SIGTERM.
2025-01-13T01:05:16+00:00 virtualdmz1 systemd[1]: Reexecuting.
2025-01-13T01:20:36+00:00 virtualdmz1 systemd[1]: Listening on syslog.socket - Syslog Socket.
2025-01-13T01:20:37+00:00 virtualdmz1 systemd[1]: Starting rsyslog.service - System Logging Service...
2025-01-13T01:20:36+00:00 virtualdmz1 systemd[1]: Started rsyslog.service - System Logging Service.
2025-01-13T01:20:37+00:00 virtualdmz1 rsyslogd: imuxsock: Acquired UNIX socket '/run/systemd/journal/syslog' (fd 3) from systemd.  [v8.2302.0]
2025-01-13T01:20:37+00:00 virtualdmz1 rsyslogd: [origin software="rsyslogd" swVersion="8.2302.0" x-pid="708" x-info="https://www.rsyslog.com"] start
2025-01-13T01:20:37+00:00 virtualdmz1 sudo: pam_unix(sudo:session): session closed for user root
2025-01-13T01:20:37+00:00 virtualdmz1 sshd[58]: syslogin_perform_logout: logout() returned an error
2025-01-13T01:21:28+00:00 virtualdmz1 sudo:  ansible : TTY=pts/0 ; PWD=/home/ansible ; USER=root ; COMMAND=/bin/sh -c 'echo BECOME-SUCCESS-dmaxutuduudraebtealdqpgringvwyzd ; /usr/bin/python3.11 /home/ansible/.ansible/tmp/ansible-tmp-1736731287.9269307-1148-16090395556143/AnsiballZ_setup.py'
2025-01-13T01:21:28+00:00 virtualdmz1 sudo: pam_unix(sudo:session): session opened for user root(uid=0) by (uid=1000)
2025-01-13T01:21:29+00:00 virtualdmz1 ansible-ansible.legacy.setup: Invoked with gather_subset=['all'] gather_timeout=10 filter=[] fact_path=/etc/ansible/facts.d
2025-01-13T01:21:30+00:00 virtualdmz1 sudo: pam_unix(sudo:session): session closed for user root
2025-01-13T01:21:30+00:00 virtualdmz1 sshd[58]: syslogin_perform_logout: logout() returned an error
2025-01-13T01:21:30+00:00 virtualdmz1 sudo:  ansible : TTY=pts/0 ; PWD=/home/ansible ; USER=root ; COMMAND=/bin/sh -c 'echo BECOME-SUCCESS-tuxqypanwbnapvfjcqsaeitlnnkatvte ; /usr/bin/python3.11 /home/ansible/.ansible/tmp/ansible-tmp-1736731290.338855-1164-268880745149178/AnsiballZ_apt.py'
2025-01-13T01:21:30+00:00 virtualdmz1 sudo: pam_unix(sudo:session): session opened for user root(uid=0) by (uid=1000)
2025-01-13T01:21:31+00:00 virtualdmz1 ansible-apt: Invoked with name=['apache2', 'php', 'php-mysqli', 'php-gd', 'libapache2-mod-php', 'curl', 'git', 'mariadb-client'] state=present update_cache=True package=['apache2', 'php', 'php-mysqli', 'php-gd', 'libapache2-mod-php', 'curl', 'git', 'mariadb-client'] update_cache_retries=5 update_cache_retry_max_delay=12 cache_valid_time=0 purge=False force=False upgrade=no dpkg_options=force-confdef,force-confold autoremove=False autoclean=False fail_on_autoremove=False only_upgrade=False force_apt_get=False clean=False allow_unauthenticated=False allow_downgrade=False allow_change_held_packages=False lock_timeout=60 deb=None default_release=None install_recommends=None policy_rc_d=None
2025-01-13T01:22:00+00:00 virtualdmz1 systemd[1]: Reloading.
2025-01-13T01:22:01+00:00 virtualdmz1 systemd[1]: Reloading.
2025-01-13T01:22:02+00:00 virtualdmz1 php8.2-common: php_invoke calendar: already enabled for PHP 8.2 cli sapi
2025-01-13T01:22:02+00:00 virtualdmz1 php8.2-common: php_invoke calendar: already enabled for PHP 8.2 apache2 sapi
2025-01-13T01:22:03+00:00 virtualdmz1 php8.2-common: php_invoke ctype: already enabled for PHP 8.2 cli sapi
2025-01-13T01:22:03+00:00 virtualdmz1 php8.2-common: php_invoke ctype: already enabled for PHP 8.2 apache2 sapi
2025-01-13T01:22:04+00:00 virtualdmz1 php8.2-common: php_invoke exif: already enabled for PHP 8.2 cli sapi
2025-01-13T01:22:04+00:00 virtualdmz1 php8.2-common: php_invoke exif: already enabled for PHP 8.2 apache2 sapi
2025-01-13T01:22:05+00:00 virtualdmz1 php8.2-common: php_invoke fileinfo: already enabled for PHP 8.2 cli sapi
2025-01-13T01:22:05+00:00 virtualdmz1 php8.2-common: php_invoke fileinfo: already enabled for PHP 8.2 apache2 sapi
2025-01-13T01:22:06+00:00 virtualdmz1 php8.2-common: php_invoke ffi: already enabled for PHP 8.2 cli sapi
2025-01-13T01:22:06+00:00 virtualdmz1 php8.2-common: php_invoke ffi: already enabled for PHP 8.2 apache2 sapi
2025-01-13T01:22:07+00:00 virtualdmz1 php8.2-common: php_invoke ftp: already enabled for PHP 8.2 cli sapi
2025-01-13T01:22:07+00:00 virtualdmz1 php8.2-common: php_invoke ftp: already enabled for PHP 8.2 apache2 sapi
2025-01-13T01:22:07+00:00 virtualdmz1 php8.2-common: php_invoke gettext: already enabled for PHP 8.2 cli sapi
2025-01-13T01:22:08+00:00 virtualdmz1 php8.2-common: php_invoke gettext: already enabled for PHP 8.2 apache2 sapi
2025-01-13T01:22:08+00:00 virtualdmz1 php8.2-common: php_invoke iconv: already enabled for PHP 8.2 cli sapi
2025-01-13T01:22:08+00:00 virtualdmz1 php8.2-common: php_invoke iconv: already enabled for PHP 8.2 apache2 sapi
2025-01-13T01:22:09+00:00 virtualdmz1 php8.2-common: php_invoke pdo: already enabled for PHP 8.2 cli sapi
2025-01-13T01:22:09+00:00 virtualdmz1 php8.2-common: php_invoke pdo: already enabled for PHP 8.2 apache2 sapi
2025-01-13T01:22:10+00:00 virtualdmz1 php8.2-common: php_invoke phar: already enabled for PHP 8.2 cli sapi
2025-01-13T01:22:10+00:00 virtualdmz1 php8.2-common: php_invoke phar: already enabled for PHP 8.2 apache2 sapi
2025-01-13T01:22:11+00:00 virtualdmz1 php8.2-common: php_invoke posix: already enabled for PHP 8.2 cli sapi
2025-01-13T01:22:11+00:00 virtualdmz1 php8.2-common: php_invoke posix: already enabled for PHP 8.2 apache2 sapi
2025-01-13T01:22:12+00:00 virtualdmz1 php8.2-common: php_invoke shmop: already enabled for PHP 8.2 cli sapi
2025-01-13T01:22:12+00:00 virtualdmz1 php8.2-common: php_invoke shmop: already enabled for PHP 8.2 apache2 sapi
2025-01-13T01:22:13+00:00 virtualdmz1 php8.2-common: php_invoke sockets: already enabled for PHP 8.2 cli sapi
2025-01-13T01:22:13+00:00 virtualdmz1 php8.2-common: php_invoke sockets: already enabled for PHP 8.2 apache2 sapi
2025-01-13T01:22:14+00:00 virtualdmz1 php8.2-common: php_invoke sysvmsg: already enabled for PHP 8.2 cli sapi
2025-01-13T01:22:14+00:00 virtualdmz1 php8.2-common: php_invoke sysvmsg: already enabled for PHP 8.2 apache2 sapi
2025-01-13T01:22:15+00:00 virtualdmz1 php8.2-common: php_invoke sysvsem: already enabled for PHP 8.2 cli sapi
2025-01-13T01:22:15+00:00 virtualdmz1 php8.2-common: php_invoke sysvsem: already enabled for PHP 8.2 apache2 sapi
2025-01-13T01:22:16+00:00 virtualdmz1 php8.2-common: php_invoke sysvshm: already enabled for PHP 8.2 cli sapi
2025-01-13T01:22:16+00:00 virtualdmz1 php8.2-common: php_invoke sysvshm: already enabled for PHP 8.2 apache2 sapi
2025-01-13T01:22:17+00:00 virtualdmz1 php8.2-common: php_invoke tokenizer: already enabled for PHP 8.2 cli sapi
2025-01-13T01:22:17+00:00 virtualdmz1 php8.2-common: php_invoke tokenizer: already enabled for PHP 8.2 apache2 sapi
2025-01-13T01:22:17+00:00 virtualdmz1 php8.2-mysql: php_invoke mysqlnd: already enabled for PHP 8.2 cli sapi
2025-01-13T01:22:18+00:00 virtualdmz1 php8.2-mysql: php_invoke mysqlnd: already enabled for PHP 8.2 apache2 sapi
2025-01-13T01:22:18+00:00 virtualdmz1 php8.2-mysql: php_invoke mysqli: already enabled for PHP 8.2 cli sapi
2025-01-13T01:22:19+00:00 virtualdmz1 php8.2-mysql: php_invoke mysqli: already enabled for PHP 8.2 apache2 sapi
2025-01-13T01:22:19+00:00 virtualdmz1 php8.2-mysql: php_invoke pdo_mysql: already enabled for PHP 8.2 cli sapi
2025-01-13T01:22:19+00:00 virtualdmz1 php8.2-mysql: php_invoke pdo_mysql: already enabled for PHP 8.2 apache2 sapi
2025-01-13T01:22:20+00:00 virtualdmz1 php8.2-opcache: php_invoke opcache: already enabled for PHP 8.2 cli sapi
2025-01-13T01:22:20+00:00 virtualdmz1 php8.2-opcache: php_invoke opcache: already enabled for PHP 8.2 apache2 sapi
2025-01-13T01:22:21+00:00 virtualdmz1 php8.2-readline: php_invoke readline: already enabled for PHP 8.2 cli sapi
2025-01-13T01:22:21+00:00 virtualdmz1 php8.2-readline: php_invoke readline: already enabled for PHP 8.2 apache2 sapi
2025-01-13T01:22:22+00:00 virtualdmz1 groupadd[7065]: group added to /etc/group: name=ssl-cert, GID=103
2025-01-13T01:22:22+00:00 virtualdmz1 groupadd[7065]: group added to /etc/gshadow: name=ssl-cert
2025-01-13T01:22:22+00:00 virtualdmz1 groupadd[7065]: new group: name=ssl-cert, GID=103
2025-01-13T01:22:24+00:00 virtualdmz1 php8.2-cli: php_invoke pdo: already enabled for PHP 8.2 cli sapi
2025-01-13T01:22:24+00:00 virtualdmz1 php8.2-cli: php_invoke iconv: already enabled for PHP 8.2 cli sapi
2025-01-13T01:22:24+00:00 virtualdmz1 php8.2-cli: php_invoke readline: already enabled for PHP 8.2 cli sapi
2025-01-13T01:22:24+00:00 virtualdmz1 php8.2-cli: php_invoke ffi: already enabled for PHP 8.2 cli sapi
2025-01-13T01:22:25+00:00 virtualdmz1 php8.2-cli: php_invoke opcache: already enabled for PHP 8.2 cli sapi
2025-01-13T01:22:25+00:00 virtualdmz1 php8.2-cli: php_invoke fileinfo: already enabled for PHP 8.2 cli sapi
2025-01-13T01:22:25+00:00 virtualdmz1 php8.2-cli: php_invoke pdo_mysql: already enabled for PHP 8.2 cli sapi
2025-01-13T01:22:25+00:00 virtualdmz1 php8.2-cli: php_invoke ftp: already enabled for PHP 8.2 cli sapi
2025-01-13T01:22:25+00:00 virtualdmz1 php8.2-cli: php_invoke sockets: already enabled for PHP 8.2 cli sapi
2025-01-13T01:22:25+00:00 virtualdmz1 php8.2-cli: php_invoke exif: already enabled for PHP 8.2 cli sapi
2025-01-13T01:22:25+00:00 virtualdmz1 php8.2-cli: php_invoke shmop: already enabled for PHP 8.2 cli sapi
2025-01-13T01:22:25+00:00 virtualdmz1 php8.2-cli: php_invoke phar: already enabled for PHP 8.2 cli sapi
2025-01-13T01:22:25+00:00 virtualdmz1 php8.2-cli: php_invoke sysvshm: already enabled for PHP 8.2 cli sapi
2025-01-13T01:22:25+00:00 virtualdmz1 php8.2-cli: php_invoke sysvsem: already enabled for PHP 8.2 cli sapi
2025-01-13T01:22:25+00:00 virtualdmz1 php8.2-cli: php_invoke ctype: already enabled for PHP 8.2 cli sapi
2025-01-13T01:22:25+00:00 virtualdmz1 php8.2-cli: php_invoke posix: already enabled for PHP 8.2 cli sapi
2025-01-13T01:22:25+00:00 virtualdmz1 php8.2-cli: php_invoke sysvmsg: already enabled for PHP 8.2 cli sapi
2025-01-13T01:22:26+00:00 virtualdmz1 php8.2-cli: php_invoke calendar: already enabled for PHP 8.2 cli sapi
2025-01-13T01:22:26+00:00 virtualdmz1 php8.2-cli: php_invoke gettext: already enabled for PHP 8.2 cli sapi
2025-01-13T01:22:26+00:00 virtualdmz1 php8.2-cli: php_invoke mysqlnd: already enabled for PHP 8.2 cli sapi
2025-01-13T01:22:26+00:00 virtualdmz1 php8.2-cli: php_invoke mysqli: already enabled for PHP 8.2 cli sapi
2025-01-13T01:22:26+00:00 virtualdmz1 php8.2-cli: php_invoke tokenizer: already enabled for PHP 8.2 cli sapi
2025-01-13T01:22:27+00:00 virtualdmz1 php8.2-gd: php_invoke gd: already enabled for PHP 8.2 cli sapi
2025-01-13T01:22:27+00:00 virtualdmz1 php8.2-gd: php_invoke gd: already enabled for PHP 8.2 apache2 sapi
2025-01-13T01:22:28+00:00 virtualdmz1 libapache2-mod-php8.2: php_invoke pdo: already enabled for PHP 8.2 apache2 sapi
2025-01-13T01:22:28+00:00 virtualdmz1 libapache2-mod-php8.2: php_invoke iconv: already enabled for PHP 8.2 apache2 sapi
2025-01-13T01:22:28+00:00 virtualdmz1 libapache2-mod-php8.2: php_invoke readline: already enabled for PHP 8.2 apache2 sapi
2025-01-13T01:22:28+00:00 virtualdmz1 libapache2-mod-php8.2: php_invoke ffi: already enabled for PHP 8.2 apache2 sapi
2025-01-13T01:22:28+00:00 virtualdmz1 libapache2-mod-php8.2: php_invoke opcache: already enabled for PHP 8.2 apache2 sapi
2025-01-13T01:22:28+00:00 virtualdmz1 libapache2-mod-php8.2: php_invoke fileinfo: already enabled for PHP 8.2 apache2 sapi
2025-01-13T01:22:28+00:00 virtualdmz1 libapache2-mod-php8.2: php_invoke pdo_mysql: already enabled for PHP 8.2 apache2 sapi
2025-01-13T01:22:28+00:00 virtualdmz1 libapache2-mod-php8.2: php_invoke gd: already enabled for PHP 8.2 apache2 sapi
2025-01-13T01:22:28+00:00 virtualdmz1 libapache2-mod-php8.2: php_invoke ftp: already enabled for PHP 8.2 apache2 sapi
2025-01-13T01:22:29+00:00 virtualdmz1 libapache2-mod-php8.2: php_invoke sockets: already enabled for PHP 8.2 apache2 sapi
2025-01-13T01:22:29+00:00 virtualdmz1 libapache2-mod-php8.2: php_invoke exif: already enabled for PHP 8.2 apache2 sapi
2025-01-13T01:22:29+00:00 virtualdmz1 libapache2-mod-php8.2: php_invoke shmop: already enabled for PHP 8.2 apache2 sapi
2025-01-13T01:22:29+00:00 virtualdmz1 libapache2-mod-php8.2: php_invoke phar: already enabled for PHP 8.2 apache2 sapi
2025-01-13T01:22:29+00:00 virtualdmz1 libapache2-mod-php8.2: php_invoke sysvshm: already enabled for PHP 8.2 apache2 sapi
2025-01-13T01:22:29+00:00 virtualdmz1 libapache2-mod-php8.2: php_invoke sysvsem: already enabled for PHP 8.2 apache2 sapi
2025-01-13T01:22:29+00:00 virtualdmz1 libapache2-mod-php8.2: php_invoke ctype: already enabled for PHP 8.2 apache2 sapi
2025-01-13T01:22:29+00:00 virtualdmz1 libapache2-mod-php8.2: php_invoke posix: already enabled for PHP 8.2 apache2 sapi
2025-01-13T01:22:29+00:00 virtualdmz1 libapache2-mod-php8.2: php_invoke sysvmsg: already enabled for PHP 8.2 apache2 sapi
2025-01-13T01:22:29+00:00 virtualdmz1 libapache2-mod-php8.2: php_invoke calendar: already enabled for PHP 8.2 apache2 sapi
2025-01-13T01:22:29+00:00 virtualdmz1 libapache2-mod-php8.2: php_invoke gettext: already enabled for PHP 8.2 apache2 sapi
2025-01-13T01:22:29+00:00 virtualdmz1 libapache2-mod-php8.2: php_invoke mysqlnd: already enabled for PHP 8.2 apache2 sapi
2025-01-13T01:22:30+00:00 virtualdmz1 libapache2-mod-php8.2: php_invoke mysqli: already enabled for PHP 8.2 apache2 sapi
2025-01-13T01:22:30+00:00 virtualdmz1 libapache2-mod-php8.2: php_invoke tokenizer: already enabled for PHP 8.2 apache2 sapi
2025-01-13T01:22:34+00:00 virtualdmz1 apache2.postinst: Switch to mpm prefork for package libapache2-mod-php8.2
2025-01-13T01:22:34+00:00 virtualdmz1 apache2.postinst: Executing deferred 'a2enmod php8.2' for package libapache2-mod-php8.2
2025-01-13T01:22:34+00:00 virtualdmz1 systemd[1]: Reloading.
2025-01-13T01:22:34+00:00 virtualdmz1 systemd[1]: Reloading.
2025-01-13T01:22:35+00:00 virtualdmz1 systemd[1]: Reloading.
2025-01-13T01:22:36+00:00 virtualdmz1 systemd[1]: Reloading.
2025-01-13T01:22:37+00:00 virtualdmz1 systemd[1]: Reloading.
2025-01-13T01:22:37+00:00 virtualdmz1 systemd[1]: Reloading.
2025-01-13T01:22:39+00:00 virtualdmz1 sudo: pam_unix(sudo:session): session closed for user root
2025-01-13T01:22:39+00:00 virtualdmz1 sshd[58]: syslogin_perform_logout: logout() returned an error
2025-01-13T01:22:40+00:00 virtualdmz1 sudo:  ansible : TTY=pts/0 ; PWD=/home/ansible ; USER=root ; COMMAND=/bin/sh -c 'echo BECOME-SUCCESS-rpooyrvqmkhkkoqkqselgpfokbenhgzb ; /usr/bin/python3.11 /home/ansible/.ansible/tmp/ansible-tmp-1736731359.5938761-1251-132490524696751/AnsiballZ_systemd.py'
2025-01-13T01:22:40+00:00 virtualdmz1 sudo: pam_unix(sudo:session): session opened for user root(uid=0) by (uid=1000)
2025-01-13T01:22:41+00:00 virtualdmz1 ansible-ansible.legacy.systemd: Invoked with name=apache2 state=started enabled=True daemon_reload=False daemon_reexec=False scope=system no_block=False force=None masked=None
2025-01-13T01:22:41+00:00 virtualdmz1 systemd[1]: Starting apache2.service - The Apache HTTP Server...
2025-01-13T01:22:41+00:00 virtualdmz1 apachectl[9564]: AH00558: apache2: Could not reliably determine the server's fully qualified domain name, using 10.0.3.10. Set the 'ServerName' directive globally to suppress this message
2025-01-13T01:22:41+00:00 virtualdmz1 systemd[1]: Started apache2.service - The Apache HTTP Server.
2025-01-13T01:22:41+00:00 virtualdmz1 sudo: pam_unix(sudo:session): session closed for user root
2025-01-13T01:22:41+00:00 virtualdmz1 sshd[58]: syslogin_perform_logout: logout() returned an error
2025-01-13T01:22:41+00:00 virtualdmz1 sudo:  ansible : TTY=pts/0 ; PWD=/home/ansible ; USER=root ; COMMAND=/bin/sh -c 'echo BECOME-SUCCESS-zogcfdwugdorxqiwxovqchekdxztgvmk ; /usr/bin/python3.11 /home/ansible/.ansible/tmp/ansible-tmp-1736731361.4113383-1265-9503834959168/AnsiballZ_git.py'
2025-01-13T01:22:41+00:00 virtualdmz1 sudo: pam_unix(sudo:session): session opened for user root(uid=0) by (uid=1000)
2025-01-13T01:22:42+00:00 virtualdmz1 ansible-git: Invoked with repo=https://github.com/digininja/DVWA.git dest=/var/www/html/DVWA version=HEAD remote=origin force=False clone=True update=True verify_commit=False gpg_allowlist=[] accept_hostkey=False accept_newhostkey=False bare=False recursive=True single_branch=False track_submodules=False refspec=None reference=None depth=None key_file=None ssh_opts=None executable=None umask=None archive=None archive_prefix=None separate_git_dir=None
2025-01-13T01:22:52+00:00 virtualdmz1 sudo: pam_unix(sudo:session): session closed for user root
2025-01-13T01:22:52+00:00 virtualdmz1 sshd[58]: syslogin_perform_logout: logout() returned an error
2025-01-13T01:22:53+00:00 virtualdmz1 sudo:  ansible : TTY=pts/0 ; PWD=/home/ansible ; USER=root ; COMMAND=/bin/sh -c 'echo BECOME-SUCCESS-iquhjabdvspfqqyhgtpqnippeitnhrhc ; /usr/bin/python3.11 /home/ansible/.ansible/tmp/ansible-tmp-1736731372.591885-1285-53700335052448/AnsiballZ_file.py'
2025-01-13T01:22:53+00:00 virtualdmz1 sudo: pam_unix(sudo:session): session opened for user root(uid=0) by (uid=1000)
2025-01-13T01:22:53+00:00 virtualdmz1 ansible-file: Invoked with path=/var/www/html/DVWA owner=www-data group=www-data recurse=True force=False follow=True modification_time_format=%Y%m%d%H%M.%S access_time_format=%Y%m%d%H%M.%S unsafe_writes=False state=None _original_basename=None _diff_peek=None src=None modification_time=None access_time=None mode=None seuser=None serole=None selevel=None setype=None attributes=None
2025-01-13T01:22:53+00:00 virtualdmz1 sudo: pam_unix(sudo:session): session closed for user root
2025-01-13T01:22:53+00:00 virtualdmz1 sshd[58]: syslogin_perform_logout: logout() returned an error
2025-01-13T01:22:54+00:00 virtualdmz1 sudo:  ansible : TTY=pts/0 ; PWD=/home/ansible ; USER=root ; COMMAND=/bin/sh -c 'echo BECOME-SUCCESS-iowlnuqkgwyhcfxlnzigchtzmfnbmcst ; /usr/bin/python3.11 /home/ansible/.ansible/tmp/ansible-tmp-1736731373.6069796-1293-101510259570358/AnsiballZ_copy.py'
2025-01-13T01:22:54+00:00 virtualdmz1 sudo: pam_unix(sudo:session): session opened for user root(uid=0) by (uid=1000)
2025-01-13T01:22:54+00:00 virtualdmz1 ansible-ansible.legacy.copy: Invoked with src=/var/www/html/DVWA/config/config.inc.php.dist dest=/var/www/html/DVWA/config/config.inc.php remote_src=True backup=False force=True follow=False unsafe_writes=False _original_basename=None content=NOT_LOGGING_PARAMETER validate=None directory_mode=None local_follow=None checksum=None mode=None owner=None group=None seuser=None serole=None selevel=None setype=None attributes=None
2025-01-13T01:22:54+00:00 virtualdmz1 sudo: pam_unix(sudo:session): session closed for user root
2025-01-13T01:22:54+00:00 virtualdmz1 sshd[58]: syslogin_perform_logout: logout() returned an error
2025-01-13T01:22:54+00:00 virtualdmz1 sudo:  ansible : TTY=pts/0 ; PWD=/home/ansible ; USER=root ; COMMAND=/bin/sh -c 'echo BECOME-SUCCESS-okitesphdayndibijxiguwbtrozfwwlu ; /usr/bin/python3.11 /home/ansible/.ansible/tmp/ansible-tmp-1736731374.54285-1302-125816650079875/AnsiballZ_setup.py'
2025-01-13T01:22:54+00:00 virtualdmz1 sudo: pam_unix(sudo:session): session opened for user root(uid=0) by (uid=1000)
2025-01-13T01:22:55+00:00 virtualdmz1 ansible-ansible.legacy.setup: Invoked with gather_subset=['all'] gather_timeout=10 filter=[] fact_path=/etc/ansible/facts.d
2025-01-13T01:22:55+00:00 virtualdmz1 sudo: pam_unix(sudo:session): session closed for user root
2025-01-13T01:22:55+00:00 virtualdmz1 sshd[58]: syslogin_perform_logout: logout() returned an error
2025-01-13T01:22:56+00:00 virtualdmz1 sudo:  ansible : TTY=pts/0 ; PWD=/home/ansible ; USER=root ; COMMAND=/bin/sh -c 'echo BECOME-SUCCESS-vlfuynckoqcaumabgvjeslkpwcejfcdp ; /usr/bin/python3.11 /home/ansible/.ansible/tmp/ansible-tmp-1736731375.9813569-1310-132207704434806/AnsiballZ_lineinfile.py'
2025-01-13T01:22:56+00:00 virtualdmz1 sudo: pam_unix(sudo:session): session opened for user root(uid=0) by (uid=1000)
2025-01-13T01:22:56+00:00 virtualdmz1 ansible-lineinfile: Invoked with path=/var/www/html/DVWA/config/config.inc.php regexp=^(\$DB_HOST\s*=).*; line=\1 '10.1.1.10'; backrefs=True state=present create=False backup=False firstmatch=False unsafe_writes=False search_string=None insertafter=None insertbefore=None validate=None mode=None owner=None group=None seuser=None serole=None selevel=None setype=None attributes=None
2025-01-13T01:22:56+00:00 virtualdmz1 sudo: pam_unix(sudo:session): session closed for user root
2025-01-13T01:22:56+00:00 virtualdmz1 sshd[58]: syslogin_perform_logout: logout() returned an error
2025-01-13T01:22:57+00:00 virtualdmz1 sudo:  ansible : TTY=pts/0 ; PWD=/home/ansible ; USER=root ; COMMAND=/bin/sh -c 'echo BECOME-SUCCESS-ydcdwshprdfjygpmpfbeayvfmmvjcqfe ; /usr/bin/python3.11 /home/ansible/.ansible/tmp/ansible-tmp-1736731376.9072084-1324-135016364652126/AnsiballZ_lineinfile.py'
2025-01-13T01:22:57+00:00 virtualdmz1 sudo: pam_unix(sudo:session): session opened for user root(uid=0) by (uid=1000)
2025-01-13T01:22:57+00:00 virtualdmz1 ansible-lineinfile: Invoked with path=/var/www/html/DVWA/config/config.inc.php regexp=^(\$DB_DATABASE\s*=).*; line=\1 'dvwa_db'; backrefs=True state=present create=False backup=False firstmatch=False unsafe_writes=False search_string=None insertafter=None insertbefore=None validate=None mode=None owner=None group=None seuser=None serole=None selevel=None setype=None attributes=None
2025-01-13T01:22:57+00:00 virtualdmz1 sudo: pam_unix(sudo:session): session closed for user root
2025-01-13T01:22:57+00:00 virtualdmz1 sshd[58]: syslogin_perform_logout: logout() returned an error
2025-01-13T01:22:57+00:00 virtualdmz1 sudo:  ansible : TTY=pts/0 ; PWD=/home/ansible ; USER=root ; COMMAND=/bin/sh -c 'echo BECOME-SUCCESS-jgmrvqmmrorwhetthmjlgghsfeozrsbw ; /usr/bin/python3.11 /home/ansible/.ansible/tmp/ansible-tmp-1736731377.5781834-1332-60720166213543/AnsiballZ_lineinfile.py'
2025-01-13T01:22:57+00:00 virtualdmz1 sudo: pam_unix(sudo:session): session opened for user root(uid=0) by (uid=1000)
2025-01-13T01:22:58+00:00 virtualdmz1 ansible-lineinfile: Invoked with path=/var/www/html/DVWA/config/config.inc.php regexp=^(\$DB_USER\s*=).*; line=\1 'dvwa'; backrefs=True state=present create=False backup=False firstmatch=False unsafe_writes=False search_string=None insertafter=None insertbefore=None validate=None mode=None owner=None group=None seuser=None serole=None selevel=None setype=None attributes=None
2025-01-13T01:22:58+00:00 virtualdmz1 sudo: pam_unix(sudo:session): session closed for user root
2025-01-13T01:22:58+00:00 virtualdmz1 sshd[58]: syslogin_perform_logout: logout() returned an error
2025-01-13T01:22:58+00:00 virtualdmz1 sudo:  ansible : TTY=pts/0 ; PWD=/home/ansible ; USER=root ; COMMAND=/bin/sh -c 'echo BECOME-SUCCESS-vbpjpskzikdpmaxfsxuxpxlipkajhdmx ; /usr/bin/python3.11 /home/ansible/.ansible/tmp/ansible-tmp-1736731378.243416-1340-73578867710975/AnsiballZ_lineinfile.py'
2025-01-13T01:22:58+00:00 virtualdmz1 sudo: pam_unix(sudo:session): session opened for user root(uid=0) by (uid=1000)
2025-01-13T01:22:58+00:00 virtualdmz1 ansible-lineinfile: Invoked with path=/var/www/html/DVWA/config/config.inc.php regexp=^(\$DB_PASSWORD\s*=).*; line=\1 'azerty'; backrefs=True state=present create=False backup=False firstmatch=False unsafe_writes=False search_string=None insertafter=None insertbefore=None validate=None mode=None owner=None group=None seuser=None serole=None selevel=None setype=None attributes=None
2025-01-13T01:22:58+00:00 virtualdmz1 sudo: pam_unix(sudo:session): session closed for user root
2025-01-13T01:22:58+00:00 virtualdmz1 sshd[58]: syslogin_perform_logout: logout() returned an error
2025-01-13T01:23:58+00:00 virtualdmz1 sshd[64]: Received disconnect from 10.1.255.254 port 50076:11: disconnected by user
2025-01-13T01:23:58+00:00 virtualdmz1 sshd[64]: Disconnected from user ansible 10.1.255.254 port 50076
2025-01-13T01:23:58+00:00 virtualdmz1 sshd[58]: pam_unix(sshd:session): session closed for user ansible
2025-01-13T01:24:08+00:00 virtualdmz1 systemd[1]: Received SIGTERM.
2025-01-13T01:24:08+00:00 virtualdmz1 systemd[1]: Reexecuting.
